<?xml version="1.0" encoding="UTF-8"?>
<robot generator="Robot 4.1.3 (Python 3.10.2 on win32)" generated="20220302 22:36:53.610" rpa="false" schemaversion="2">
<suite id="s1" name="TestCases" source="C:\Users\SatishKumar\PycharmProjects\POC_Doxa_RobotFrameWork\TestCases">
<suite id="s1-s1" name="PPR To PO Complete Flow" source="C:\Users\SatishKumar\PycharmProjects\POC_Doxa_RobotFrameWork\TestCases\PPR_To_PO_Complete_Flow.robot">
<kw name="Login Setup" type="SETUP">
<kw name="Open Browser" library="SeleniumLibrary">
<arg>${url}</arg>
<arg>${browser}</arg>
<doc>Opens a new browser instance to the optional ``url``.</doc>
<msg timestamp="20220302 22:36:59.761" level="INFO">Opening browser 'gc' to base url 'https://auth-stag.doxa-holdings.com/login'.</msg>
<status status="PASS" starttime="20220302 22:36:59.761" endtime="20220302 22:37:04.009"/>
</kw>
<kw name="Maximize Browser Window" library="SeleniumLibrary">
<doc>Maximizes current browser window.</doc>
<status status="PASS" starttime="20220302 22:37:04.010" endtime="20220302 22:37:04.142"/>
</kw>
<kw name="Set Browser Implicit Wait" library="SeleniumLibrary">
<arg>30</arg>
<doc>Sets the implicit wait value used by Selenium.</doc>
<status status="PASS" starttime="20220302 22:37:04.142" endtime="20220302 22:37:04.144"/>
</kw>
<kw name="Set Selenium Implicit Wait" library="SeleniumLibrary">
<arg>30</arg>
<doc>Sets the implicit wait value used by Selenium.</doc>
<status status="PASS" starttime="20220302 22:37:04.144" endtime="20220302 22:37:04.147"/>
</kw>
<kw name="Delete All Cookies" library="SeleniumLibrary">
<doc>Deletes all cookies.</doc>
<status status="PASS" starttime="20220302 22:37:04.147" endtime="20220302 22:37:04.154"/>
</kw>
<status status="PASS" starttime="20220302 22:36:59.761" endtime="20220302 22:37:04.154"/>
</kw>
<test id="s1-s1-t1" name="Raise PPR">
<kw name="Enter Marilyn username">
<kw name="Fetch Login Excel" library="fetchExcel">
<var>${username_loc}</var>
<arg>Locators</arg>
<arg>${2}</arg>
<arg>${2}</arg>
<msg timestamp="20220302 22:37:04.177" level="INFO">${username_loc} = xpath://input[@id='email']</msg>
<status status="PASS" starttime="20220302 22:37:04.155" endtime="20220302 22:37:04.177"/>
</kw>
<kw name="Fetch Login Excel" library="fetchExcel">
<var>${marilyn_username}</var>
<arg>TestData</arg>
<arg>${2}</arg>
<arg>${1}</arg>
<msg timestamp="20220302 22:37:04.193" level="INFO">${marilyn_username} = marilyn.f@getnada.com</msg>
<status status="PASS" starttime="20220302 22:37:04.177" endtime="20220302 22:37:04.193"/>
</kw>
<kw name="Fetch Login Excel" library="fetchExcel">
<var>${password_loc}</var>
<arg>Locators</arg>
<arg>${3}</arg>
<arg>${2}</arg>
<msg timestamp="20220302 22:37:04.224" level="INFO">${password_loc} = xpath://input[@id='password']</msg>
<status status="PASS" starttime="20220302 22:37:04.193" endtime="20220302 22:37:04.224"/>
</kw>
<kw name="Fetch Login Excel" library="fetchExcel">
<var>${password}</var>
<arg>TestData</arg>
<arg>${2}</arg>
<arg>${2}</arg>
<msg timestamp="20220302 22:37:04.239" level="INFO">${password} = P@ss2022</msg>
<status status="PASS" starttime="20220302 22:37:04.224" endtime="20220302 22:37:04.239"/>
</kw>
<kw name="Input Text" library="SeleniumLibrary">
<arg>${username_loc}</arg>
<arg>${marilyn_username}</arg>
<arg>True</arg>
<doc>Types the given ``text`` into the text field identified by ``locator``.</doc>
<msg timestamp="20220302 22:37:04.239" level="INFO">Typing text 'marilyn.f@getnada.com' into text field 'xpath://input[@id='email']'.</msg>
<status status="PASS" starttime="20220302 22:37:04.239" endtime="20220302 22:37:04.392"/>
</kw>
<kw name="Input Text" library="SeleniumLibrary">
<arg>${password_loc}</arg>
<arg>${password}</arg>
<arg>True</arg>
<doc>Types the given ``text`` into the text field identified by ``locator``.</doc>
<msg timestamp="20220302 22:37:04.393" level="INFO">Typing text 'P@ss2022' into text field 'xpath://input[@id='password']'.</msg>
<status status="PASS" starttime="20220302 22:37:04.392" endtime="20220302 22:37:04.533"/>
</kw>
<status status="PASS" starttime="20220302 22:37:04.155" endtime="20220302 22:37:04.533"/>
</kw>
<kw name="Click Login Button">
<kw name="Fetch Login Excel" library="fetchExcel">
<var>${submit_loc}</var>
<arg>Locators</arg>
<arg>${4}</arg>
<arg>${2}</arg>
<msg timestamp="20220302 22:37:04.557" level="INFO">${submit_loc} = xpath://button[text()='Login']</msg>
<status status="PASS" starttime="20220302 22:37:04.534" endtime="20220302 22:37:04.557"/>
</kw>
<kw name="Wait Until Page Contains Element" library="SeleniumLibrary">
<arg>${submit_loc}</arg>
<arg>10</arg>
<doc>Waits until the element ``locator`` appears on the current page.</doc>
<status status="PASS" starttime="20220302 22:37:04.558" endtime="20220302 22:37:04.573"/>
</kw>
<kw name="Click Button" library="SeleniumLibrary">
<arg>${submit_loc}</arg>
<doc>Clicks the button identified by ``locator``.</doc>
<msg timestamp="20220302 22:37:04.574" level="INFO">Clicking button 'xpath://button[text()='Login']'.</msg>
<status status="PASS" starttime="20220302 22:37:04.573" endtime="20220302 22:37:25.238"/>
</kw>
<status status="PASS" starttime="20220302 22:37:04.534" endtime="20220302 22:37:25.238"/>
</kw>
<kw name="Wait Until Page Contains" library="SeleniumLibrary">
<arg>Dashboard</arg>
<arg>10</arg>
<doc>Waits until ``text`` appears on the current page.</doc>
<status status="PASS" starttime="20220302 22:37:25.239" endtime="20220302 22:37:26.691"/>
</kw>
<kw name="Click Requisition Tab">
<kw name="Fetch Login Excel" library="fetchExcel">
<var>${requisition_tab}</var>
<arg>Locators</arg>
<arg>${6}</arg>
<arg>${2}</arg>
<msg timestamp="20220302 22:37:26.732" level="INFO">${requisition_tab} = xpath://div[normalize-space()='Requisitions']</msg>
<status status="PASS" starttime="20220302 22:37:26.697" endtime="20220302 22:37:26.733"/>
</kw>
<kw name="Click Element" library="SeleniumLibrary">
<arg>${requisition_tab}</arg>
<doc>Click the element identified by ``locator``.</doc>
<msg timestamp="20220302 22:37:26.734" level="INFO">Clicking element 'xpath://div[normalize-space()='Requisitions']'.</msg>
<status status="PASS" starttime="20220302 22:37:26.733" endtime="20220302 22:37:27.314"/>
</kw>
<status status="PASS" starttime="20220302 22:37:26.696" endtime="20220302 22:37:27.314"/>
</kw>
<kw name="Click Pre Purchase Requisition Tab">
<kw name="Fetch Login Excel" library="fetchExcel">
<var>${requisition_tab}</var>
<arg>Locators</arg>
<arg>${7}</arg>
<arg>${2}</arg>
<msg timestamp="20220302 22:37:27.339" level="INFO">${requisition_tab} = xpath://span[normalize-space()='Pre Purchase Requisition']</msg>
<status status="PASS" starttime="20220302 22:37:27.315" endtime="20220302 22:37:27.339"/>
</kw>
<kw name="Click Element" library="SeleniumLibrary">
<arg>${requisition_tab}</arg>
<doc>Click the element identified by ``locator``.</doc>
<msg timestamp="20220302 22:37:27.340" level="INFO">Clicking element 'xpath://span[normalize-space()='Pre Purchase Requisition']'.</msg>
<status status="PASS" starttime="20220302 22:37:27.339" endtime="20220302 22:37:27.405"/>
</kw>
<status status="PASS" starttime="20220302 22:37:27.315" endtime="20220302 22:37:27.406"/>
</kw>
<kw name="Click Raise Pre-Requisition Tab">
<kw name="Fetch Login Excel" library="fetchExcel">
<var>${requisition_tab}</var>
<arg>Locators</arg>
<arg>${8}</arg>
<arg>${2}</arg>
<msg timestamp="20220302 22:37:27.431" level="INFO">${requisition_tab} = xpath://span[normalize-space()='Raise Pre-Requisition']</msg>
<status status="PASS" starttime="20220302 22:37:27.407" endtime="20220302 22:37:27.431"/>
</kw>
<kw name="Click Element" library="SeleniumLibrary">
<arg>${requisition_tab}</arg>
<doc>Click the element identified by ``locator``.</doc>
<msg timestamp="20220302 22:37:27.432" level="INFO">Clicking element 'xpath://span[normalize-space()='Raise Pre-Requisition']'.</msg>
<status status="PASS" starttime="20220302 22:37:27.431" endtime="20220302 22:37:28.310"/>
</kw>
<status status="PASS" starttime="20220302 22:37:27.406" endtime="20220302 22:37:28.310"/>
</kw>
<kw name="Select Type of Requisition">
<kw name="Fetch Login Excel" library="fetchExcel">
<var>${requisition_type}</var>
<arg>Locators</arg>
<arg>${9}</arg>
<arg>${2}</arg>
<msg timestamp="20220302 22:37:28.341" level="INFO">${requisition_type} = xpath://select[@name='requisitionType']</msg>
<status status="PASS" starttime="20220302 22:37:28.310" endtime="20220302 22:37:28.341"/>
</kw>
<kw name="Select From List By Label" library="SeleniumLibrary">
<arg>${requisition_type}</arg>
<arg>Pre Purchase Requisition</arg>
<doc>Selects options from selection list ``locator`` by ``labels``.</doc>
<msg timestamp="20220302 22:37:28.341" level="INFO">Selecting options from selection list 'xpath://select[@name='requisitionType']' by label Pre Purchase Requisition.</msg>
<status status="PASS" starttime="20220302 22:37:28.341" endtime="20220302 22:37:29.565"/>
</kw>
<status status="PASS" starttime="20220302 22:37:28.310" endtime="20220302 22:37:29.565"/>
</kw>
<kw name="Select Nature of Requisition">
<kw name="Fetch Login Excel" library="fetchExcel">
<var>${requisition_nature}</var>
<arg>Locators</arg>
<arg>${10}</arg>
<arg>${2}</arg>
<msg timestamp="20220302 22:37:29.594" level="INFO">${requisition_nature} = xpath://select[@name='project']</msg>
<status status="PASS" starttime="20220302 22:37:29.566" endtime="20220302 22:37:29.594"/>
</kw>
<kw name="Fetch Login Excel" library="fetchExcel">
<var>${select_requistion}</var>
<arg>TestData</arg>
<arg>${2}</arg>
<arg>${3}</arg>
<msg timestamp="20220302 22:37:29.629" level="INFO">${select_requistion} = Non-Project</msg>
<status status="PASS" starttime="20220302 22:37:29.594" endtime="20220302 22:37:29.629"/>
</kw>
<kw name="Click Element" library="SeleniumLibrary">
<arg>${requisition_nature}</arg>
<doc>Click the element identified by ``locator``.</doc>
<msg timestamp="20220302 22:37:29.630" level="INFO">Clicking element 'xpath://select[@name='project']'.</msg>
<status status="PASS" starttime="20220302 22:37:29.629" endtime="20220302 22:37:29.839"/>
</kw>
<kw name="Select From List By Label" library="SeleniumLibrary">
<arg>${requisition_nature}</arg>
<arg>${select_requistion}</arg>
<doc>Selects options from selection list ``locator`` by ``labels``.</doc>
<msg timestamp="20220302 22:37:29.839" level="INFO">Selecting options from selection list 'xpath://select[@name='project']' by label Non-Project.</msg>
<status status="PASS" starttime="20220302 22:37:29.839" endtime="20220302 22:37:29.911"/>
</kw>
<status status="PASS" starttime="20220302 22:37:29.566" endtime="20220302 22:37:29.912"/>
</kw>
<kw name="Select Currency">
<kw name="Fetch Login Excel" library="fetchExcel">
<var>${curr}</var>
<arg>Locators</arg>
<arg>${11}</arg>
<arg>${2}</arg>
<msg timestamp="20220302 22:37:29.934" level="INFO">${curr} = xpath://select[@name='currencyCode']</msg>
<status status="PASS" starttime="20220302 22:37:29.913" endtime="20220302 22:37:29.934"/>
</kw>
<kw name="Fetch Login Excel" library="fetchExcel">
<var>${select_curr}</var>
<arg>TestData</arg>
<arg>${2}</arg>
<arg>${4}</arg>
<msg timestamp="20220302 22:37:29.959" level="INFO">${select_curr} = Singapore Dollar (+SGD)</msg>
<status status="PASS" starttime="20220302 22:37:29.934" endtime="20220302 22:37:29.959"/>
</kw>
<kw name="Click Element" library="SeleniumLibrary">
<arg>${curr}</arg>
<doc>Click the element identified by ``locator``.</doc>
<msg timestamp="20220302 22:37:29.960" level="INFO">Clicking element 'xpath://select[@name='currencyCode']'.</msg>
<status status="PASS" starttime="20220302 22:37:29.959" endtime="20220302 22:37:30.150"/>
</kw>
<kw name="Select From List By Label" library="SeleniumLibrary">
<arg>${curr}</arg>
<arg>${select_curr}</arg>
<doc>Selects options from selection list ``locator`` by ``labels``.</doc>
<msg timestamp="20220302 22:37:30.152" level="INFO">Selecting options from selection list 'xpath://select[@name='currencyCode']' by label Singapore Dollar (+SGD).</msg>
<status status="PASS" starttime="20220302 22:37:30.151" endtime="20220302 22:37:30.351"/>
</kw>
<status status="PASS" starttime="20220302 22:37:29.913" endtime="20220302 22:37:30.352"/>
</kw>
<kw name="Enter PPR Title">
<kw name="Fetch Login Excel" library="fetchExcel">
<var>${ppr_title}</var>
<arg>Locators</arg>
<arg>${12}</arg>
<arg>${2}</arg>
<msg timestamp="20220302 22:37:30.395" level="INFO">${ppr_title} = xpath://textarea[@placeholder='Enter PPR Title']</msg>
<status status="PASS" starttime="20220302 22:37:30.368" endtime="20220302 22:37:30.395"/>
</kw>
<kw name="Generate Random String" library="String">
<var>${ppr_text}</var>
<arg>8</arg>
<arg>[LOWER][NUMBERS][UPPER]</arg>
<doc>Generates a string with a desired ``length`` from the given ``chars``.</doc>
<msg timestamp="20220302 22:37:30.396" level="INFO">${ppr_text} = QxQQRChk</msg>
<status status="PASS" starttime="20220302 22:37:30.395" endtime="20220302 22:37:30.396"/>
</kw>
<kw name="Input Text" library="SeleniumLibrary">
<arg>${ppr_title}</arg>
<arg>Test${ppr_text}</arg>
<arg>True</arg>
<doc>Types the given ``text`` into the text field identified by ``locator``.</doc>
<msg timestamp="20220302 22:37:30.397" level="INFO">Typing text 'TestQxQQRChk' into text field 'xpath://textarea[@placeholder='Enter PPR Title']'.</msg>
<status status="PASS" starttime="20220302 22:37:30.396" endtime="20220302 22:37:31.342"/>
</kw>
<status status="PASS" starttime="20220302 22:37:30.367" endtime="20220302 22:37:31.342"/>
</kw>
<kw name="Select Procuement Type">
<kw name="Fetch Login Excel" library="fetchExcel">
<var>${procurement}</var>
<arg>Locators</arg>
<arg>${13}</arg>
<arg>${2}</arg>
<msg timestamp="20220302 22:37:31.369" level="INFO">${procurement} = xpath://select[@name='procurementType']</msg>
<status status="PASS" starttime="20220302 22:37:31.344" endtime="20220302 22:37:31.369"/>
</kw>
<kw name="Fetch Login Excel" library="fetchExcel">
<var>${select_procurement}</var>
<arg>TestData</arg>
<arg>${2}</arg>
<arg>${5}</arg>
<msg timestamp="20220302 22:37:31.402" level="INFO">${select_procurement} = Goods</msg>
<status status="PASS" starttime="20220302 22:37:31.370" endtime="20220302 22:37:31.402"/>
</kw>
<kw name="Click Element" library="SeleniumLibrary">
<arg>${procurement}</arg>
<doc>Click the element identified by ``locator``.</doc>
<msg timestamp="20220302 22:37:31.402" level="INFO">Clicking element 'xpath://select[@name='procurementType']'.</msg>
<status status="PASS" starttime="20220302 22:37:31.402" endtime="20220302 22:37:31.760"/>
</kw>
<kw name="Select From List By Label" library="SeleniumLibrary">
<arg>${procurement}</arg>
<arg>${select_procurement}</arg>
<doc>Selects options from selection list ``locator`` by ``labels``.</doc>
<msg timestamp="20220302 22:37:31.761" level="INFO">Selecting options from selection list 'xpath://select[@name='procurementType']' by label Goods.</msg>
<status status="PASS" starttime="20220302 22:37:31.761" endtime="20220302 22:37:31.932"/>
</kw>
<status status="PASS" starttime="20220302 22:37:31.343" endtime="20220302 22:37:31.932"/>
</kw>
<kw name="Select Approval Route">
<kw name="Fetch Login Excel" library="fetchExcel">
<var>${approval_route}</var>
<arg>Locators</arg>
<arg>${14}</arg>
<arg>${2}</arg>
<msg timestamp="20220302 22:37:31.963" level="INFO">${approval_route} = xpath://select[@name='approvalRoute']</msg>
<status status="PASS" starttime="20220302 22:37:31.934" endtime="20220302 22:37:31.963"/>
</kw>
<kw name="Fetch Login Excel" library="fetchExcel">
<var>${select_approve_route}</var>
<arg>TestData</arg>
<arg>${2}</arg>
<arg>${6}</arg>
<msg timestamp="20220302 22:37:31.980" level="INFO">${select_approve_route} = PPR approver</msg>
<status status="PASS" starttime="20220302 22:37:31.964" endtime="20220302 22:37:31.980"/>
</kw>
<kw name="Click Element" library="SeleniumLibrary">
<arg>${approval_route}</arg>
<doc>Click the element identified by ``locator``.</doc>
<msg timestamp="20220302 22:37:31.980" level="INFO">Clicking element 'xpath://select[@name='approvalRoute']'.</msg>
<status status="PASS" starttime="20220302 22:37:31.980" endtime="20220302 22:37:32.166"/>
</kw>
<kw name="Select From List By Label" library="SeleniumLibrary">
<arg>${approval_route}</arg>
<arg>${select_approve_route}</arg>
<doc>Selects options from selection list ``locator`` by ``labels``.</doc>
<msg timestamp="20220302 22:37:32.167" level="INFO">Selecting options from selection list 'xpath://select[@name='approvalRoute']' by label PPR approver.</msg>
<status status="PASS" starttime="20220302 22:37:32.166" endtime="20220302 22:37:32.372"/>
</kw>
<status status="PASS" starttime="20220302 22:37:31.933" endtime="20220302 22:37:32.372"/>
</kw>
<kw name="Enter Delivery Date">
<kw name="Fetch Login Excel" library="fetchExcel">
<var>${delivery_date}</var>
<arg>Locators</arg>
<arg>${15}</arg>
<arg>${2}</arg>
<msg timestamp="20220302 22:37:32.404" level="INFO">${delivery_date} = xpath://input[@name='deliveryDate']</msg>
<status status="PASS" starttime="20220302 22:37:32.374" endtime="20220302 22:37:32.404"/>
</kw>
<kw name="Input Text" library="SeleniumLibrary">
<arg>${delivery_date}</arg>
<arg>21022022</arg>
<doc>Types the given ``text`` into the text field identified by ``locator``.</doc>
<msg timestamp="20220302 22:37:32.405" level="INFO">Typing text '21022022' into text field 'xpath://input[@name='deliveryDate']'.</msg>
<status status="PASS" starttime="20220302 22:37:32.405" endtime="20220302 22:37:33.096"/>
</kw>
<status status="PASS" starttime="20220302 22:37:32.373" endtime="20220302 22:37:33.096"/>
</kw>
<kw name="Enter Delivery Note">
<kw name="Fetch Login Excel" library="fetchExcel">
<var>${delivery_note}</var>
<arg>Locators</arg>
<arg>${16}</arg>
<arg>${2}</arg>
<msg timestamp="20220302 22:37:33.127" level="INFO">${delivery_note} = xpath://textarea[@placeholder='Enter Note']</msg>
<status status="PASS" starttime="20220302 22:37:33.096" endtime="20220302 22:37:33.127"/>
</kw>
<kw name="Generate Random String" library="String">
<var>${note_text}</var>
<arg>8</arg>
<arg>[LOWER][NUMBERS][UPPER]</arg>
<doc>Generates a string with a desired ``length`` from the given ``chars``.</doc>
<msg timestamp="20220302 22:37:33.127" level="INFO">${note_text} = 7ncwiSf2</msg>
<status status="PASS" starttime="20220302 22:37:33.127" endtime="20220302 22:37:33.127"/>
</kw>
<kw name="Input Text" library="SeleniumLibrary">
<arg>${delivery_note}</arg>
<arg>${note_text}</arg>
<doc>Types the given ``text`` into the text field identified by ``locator``.</doc>
<msg timestamp="20220302 22:37:33.127" level="INFO">Typing text '7ncwiSf2' into text field 'xpath://textarea[@placeholder='Enter Note']'.</msg>
<status status="PASS" starttime="20220302 22:37:33.127" endtime="20220302 22:37:33.914"/>
</kw>
<status status="PASS" starttime="20220302 22:37:33.096" endtime="20220302 22:37:33.914"/>
</kw>
<kw name="Enter Delivery Address">
<kw name="Fetch Login Excel" library="fetchExcel">
<var>${deliveri_address}</var>
<arg>Locators</arg>
<arg>${17}</arg>
<arg>${2}</arg>
<msg timestamp="20220302 22:37:33.943" level="INFO">${deliveri_address} = xpath://select[@name='deliveryAddress']</msg>
<status status="PASS" starttime="20220302 22:37:33.916" endtime="20220302 22:37:33.944"/>
</kw>
<kw name="Fetch Login Excel" library="fetchExcel">
<var>${select_delivery_address}</var>
<arg>TestData</arg>
<arg>${2}</arg>
<arg>${7}</arg>
<msg timestamp="20220302 22:37:33.971" level="INFO">${select_delivery_address} = Jalan Besar</msg>
<status status="PASS" starttime="20220302 22:37:33.944" endtime="20220302 22:37:33.971"/>
</kw>
<kw name="Click Element" library="SeleniumLibrary">
<arg>${deliveri_address}</arg>
<doc>Click the element identified by ``locator``.</doc>
<msg timestamp="20220302 22:37:33.972" level="INFO">Clicking element 'xpath://select[@name='deliveryAddress']'.</msg>
<status status="PASS" starttime="20220302 22:37:33.972" endtime="20220302 22:37:34.269"/>
</kw>
<kw name="Select From List By Label" library="SeleniumLibrary">
<arg>${deliveri_address}</arg>
<arg>${select_delivery_address}</arg>
<doc>Selects options from selection list ``locator`` by ``labels``.</doc>
<msg timestamp="20220302 22:37:34.270" level="INFO">Selecting options from selection list 'xpath://select[@name='deliveryAddress']' by label Jalan Besar.</msg>
<status status="PASS" starttime="20220302 22:37:34.269" endtime="20220302 22:37:34.497"/>
</kw>
<status status="PASS" starttime="20220302 22:37:33.915" endtime="20220302 22:37:34.497"/>
</kw>
<kw name="Click Add Manual Button">
<kw name="Fetch Login Excel" library="fetchExcel">
<var>${add_manual}</var>
<arg>Locators</arg>
<arg>${18}</arg>
<arg>${2}</arg>
<msg timestamp="20220302 22:37:34.531" level="INFO">${add_manual} = xpath://span[text()='Add Manual']/..</msg>
<status status="PASS" starttime="20220302 22:37:34.498" endtime="20220302 22:37:34.531"/>
</kw>
<kw name="Fetch Login Excel" library="fetchExcel">
<var>${conversation}</var>
<arg>Locators</arg>
<arg>${19}</arg>
<arg>${2}</arg>
<msg timestamp="20220302 22:37:34.558" level="INFO">${conversation} = xpath://h3[normalize-space()='Conversations']</msg>
<status status="PASS" starttime="20220302 22:37:34.531" endtime="20220302 22:37:34.558"/>
</kw>
<kw name="Scroll Element Into View" library="SeleniumLibrary">
<arg>${conversation}</arg>
<doc>Scrolls the element identified by ``locator`` into view.</doc>
<status status="PASS" starttime="20220302 22:37:34.558" endtime="20220302 22:37:34.850"/>
</kw>
<kw name="Wait Until Element Is Enabled" library="SeleniumLibrary">
<arg>${add_manual}</arg>
<doc>Waits until the element ``locator`` is enabled.</doc>
<status status="PASS" starttime="20220302 22:37:34.850" endtime="20220302 22:37:34.883"/>
</kw>
<kw name="Wait Until Element Is Visible" library="SeleniumLibrary">
<arg>${add_manual}</arg>
<doc>Waits until the element ``locator`` is visible.</doc>
<status status="PASS" starttime="20220302 22:37:34.883" endtime="20220302 22:37:34.918"/>
</kw>
<kw name="Wait Until Page Contains Element" library="SeleniumLibrary">
<arg>${add_manual}</arg>
<doc>Waits until the element ``locator`` appears on the current page.</doc>
<status status="PASS" starttime="20220302 22:37:34.918" endtime="20220302 22:37:34.918"/>
</kw>
<kw name="Click Button" library="SeleniumLibrary">
<arg>${add_manual}</arg>
<doc>Clicks the button identified by ``locator``.</doc>
<msg timestamp="20220302 22:37:34.918" level="INFO">Clicking button 'xpath://span[text()='Add Manual']/..'.</msg>
<status status="PASS" starttime="20220302 22:37:34.918" endtime="20220302 22:37:35.230"/>
</kw>
<status status="PASS" starttime="20220302 22:37:34.498" endtime="20220302 22:37:35.231"/>
</kw>
<kw name="Enter Manual Fields">
<kw name="Generate Random String" library="String">
<var>${itemCode_text}</var>
<arg>12</arg>
<arg>[LOWER][NUMBERS][UPPER]</arg>
<doc>Generates a string with a desired ``length`` from the given ``chars``.</doc>
<msg timestamp="20220302 22:37:35.238" level="INFO">${itemCode_text} = 9bGpI7MIjYex</msg>
<status status="PASS" starttime="20220302 22:37:35.238" endtime="20220302 22:37:35.238"/>
</kw>
<kw name="Generate Random String" library="String">
<var>${itemName_text}</var>
<arg>12</arg>
<arg>[LOWER][NUMBERS][UPPER]</arg>
<doc>Generates a string with a desired ``length`` from the given ``chars``.</doc>
<msg timestamp="20220302 22:37:35.239" level="INFO">${itemName_text} = 4AF1Al0p2V4B</msg>
<status status="PASS" starttime="20220302 22:37:35.238" endtime="20220302 22:37:35.239"/>
</kw>
<kw name="Generate Random String" library="String">
<var>${itemDesc_text}</var>
<arg>12</arg>
<arg>[LOWER][NUMBERS][UPPER]</arg>
<doc>Generates a string with a desired ``length`` from the given ``chars``.</doc>
<msg timestamp="20220302 22:37:35.239" level="INFO">${itemDesc_text} = fiJLqcrKryHL</msg>
<status status="PASS" starttime="20220302 22:37:35.239" endtime="20220302 22:37:35.239"/>
</kw>
<kw name="Generate Random String" library="String">
<var>${itemMode_text}</var>
<arg>12</arg>
<arg>[LOWER][NUMBERS][UPPER]</arg>
<doc>Generates a string with a desired ``length`` from the given ``chars``.</doc>
<msg timestamp="20220302 22:37:35.241" level="INFO">${itemMode_text} = kFYSGxgoj26R</msg>
<status status="PASS" starttime="20220302 22:37:35.239" endtime="20220302 22:37:35.241"/>
</kw>
<kw name="Generate Random String" library="String">
<var>${itemBrand_text}</var>
<arg>12</arg>
<arg>[LOWER][NUMBERS][UPPER]</arg>
<doc>Generates a string with a desired ``length`` from the given ``chars``.</doc>
<msg timestamp="20220302 22:37:35.243" level="INFO">${itemBrand_text} = d6ReVnVAJzcu</msg>
<status status="PASS" starttime="20220302 22:37:35.241" endtime="20220302 22:37:35.243"/>
</kw>
<kw name="Generate Random String" library="String">
<var>${itemSize_text}</var>
<arg>12</arg>
<arg>[LOWER][NUMBERS][UPPER]</arg>
<doc>Generates a string with a desired ``length`` from the given ``chars``.</doc>
<msg timestamp="20220302 22:37:35.244" level="INFO">${itemSize_text} = 35TskbBQWUGe</msg>
<status status="PASS" starttime="20220302 22:37:35.243" endtime="20220302 22:37:35.244"/>
</kw>
<kw name="Generate Random String" library="String">
<var>${note_text}</var>
<arg>12</arg>
<arg>[LOWER][NUMBERS][UPPER]</arg>
<doc>Generates a string with a desired ``length`` from the given ``chars``.</doc>
<msg timestamp="20220302 22:37:35.245" level="INFO">${note_text} = VSyxiRfytKej</msg>
<status status="PASS" starttime="20220302 22:37:35.244" endtime="20220302 22:37:35.245"/>
</kw>
<kw name="Generate Random String" library="String">
<var>${quantity_value}</var>
<arg>2</arg>
<arg>[NUMBERS]</arg>
<doc>Generates a string with a desired ``length`` from the given ``chars``.</doc>
<msg timestamp="20220302 22:37:35.245" level="INFO">${quantity_value} = 16</msg>
<status status="PASS" starttime="20220302 22:37:35.245" endtime="20220302 22:37:35.245"/>
</kw>
<kw name="Fetch Login Excel" library="fetchExcel">
<var>${itemcode}</var>
<arg>Locators</arg>
<arg>${20}</arg>
<arg>${2}</arg>
<msg timestamp="20220302 22:37:35.275" level="INFO">${itemcode} = xpath:(//div[@col-id="itemCode"])[2]</msg>
<status status="PASS" starttime="20220302 22:37:35.245" endtime="20220302 22:37:35.275"/>
</kw>
<kw name="Fetch Login Excel" library="fetchExcel">
<var>${itemName}</var>
<arg>Locators</arg>
<arg>${21}</arg>
<arg>${2}</arg>
<msg timestamp="20220302 22:37:35.310" level="INFO">${itemName} = xpath:(//div[@col-id="itemName"])[2]</msg>
<status status="PASS" starttime="20220302 22:37:35.275" endtime="20220302 22:37:35.310"/>
</kw>
<kw name="Fetch Login Excel" library="fetchExcel">
<var>${itemCategory}</var>
<arg>Locators</arg>
<arg>${22}</arg>
<arg>${2}</arg>
<msg timestamp="20220302 22:37:35.333" level="INFO">${itemCategory} = xpath:(//div[@col-id="itemCategory"])[2]</msg>
<status status="PASS" starttime="20220302 22:37:35.310" endtime="20220302 22:37:35.333"/>
</kw>
<kw name="Fetch Login Excel" library="fetchExcel">
<var>${dropdown_list}</var>
<arg>Locators</arg>
<arg>${23}</arg>
<arg>${2}</arg>
<msg timestamp="20220302 22:37:35.356" level="INFO">${dropdown_list} = xpath://*[name()='path' and contains(@d,'M4.516 7.5')]/..</msg>
<status status="PASS" starttime="20220302 22:37:35.333" endtime="20220302 22:37:35.356"/>
</kw>
<kw name="Fetch Login Excel" library="fetchExcel">
<var>${itemDescription}</var>
<arg>Locators</arg>
<arg>${24}</arg>
<arg>${2}</arg>
<msg timestamp="20220302 22:37:35.382" level="INFO">${itemDescription} = xpath:(//div[@col-id="itemDescription"])[2]</msg>
<status status="PASS" starttime="20220302 22:37:35.357" endtime="20220302 22:37:35.382"/>
</kw>
<kw name="Fetch Login Excel" library="fetchExcel">
<var>${add_item_white_space}</var>
<arg>Locators</arg>
<arg>${25}</arg>
<arg>${2}</arg>
<msg timestamp="20220302 22:37:35.402" level="INFO">${add_item_white_space} = xpath:(//div[@class="ag-center-cols-viewport"])[1]</msg>
<status status="PASS" starttime="20220302 22:37:35.382" endtime="20220302 22:37:35.402"/>
</kw>
<kw name="Fetch Login Excel" library="fetchExcel">
<var>${itemMode}</var>
<arg>Locators</arg>
<arg>${26}</arg>
<arg>${2}</arg>
<msg timestamp="20220302 22:37:35.407" level="INFO">${itemMode} = xpath:(//div[@col-id="itemModel"])[2]</msg>
<status status="PASS" starttime="20220302 22:37:35.402" endtime="20220302 22:37:35.407"/>
</kw>
<kw name="Fetch Login Excel" library="fetchExcel">
<var>${itemSize}</var>
<arg>Locators</arg>
<arg>${27}</arg>
<arg>${2}</arg>
<msg timestamp="20220302 22:37:35.423" level="INFO">${itemSize} = xpath:(//div[@col-id="itemSize"])[2]</msg>
<status status="PASS" starttime="20220302 22:37:35.407" endtime="20220302 22:37:35.423"/>
</kw>
<kw name="Fetch Login Excel" library="fetchExcel">
<var>${itemBrand}</var>
<arg>Locators</arg>
<arg>${28}</arg>
<arg>${2}</arg>
<msg timestamp="20220302 22:37:35.439" level="INFO">${itemBrand} = xpath:(//div[@col-id="itemBrand"])[2]</msg>
<status status="PASS" starttime="20220302 22:37:35.423" endtime="20220302 22:37:35.439"/>
</kw>
<kw name="Fetch Login Excel" library="fetchExcel">
<var>${uomCode}</var>
<arg>Locators</arg>
<arg>${29}</arg>
<arg>${2}</arg>
<msg timestamp="20220302 22:37:35.454" level="INFO">${uomCode} = xpath:(//div[@col-id="uomCode"])[2]</msg>
<status status="PASS" starttime="20220302 22:37:35.439" endtime="20220302 22:37:35.454"/>
</kw>
<kw name="Fetch Login Excel" library="fetchExcel">
<var>${note}</var>
<arg>Locators</arg>
<arg>${30}</arg>
<arg>${2}</arg>
<msg timestamp="20220302 22:37:35.470" level="INFO">${note} = xpath:(//div[@col-id="note"])[2]</msg>
<status status="PASS" starttime="20220302 22:37:35.454" endtime="20220302 22:37:35.470"/>
</kw>
<kw name="Fetch Login Excel" library="fetchExcel">
<var>${quantity}</var>
<arg>Locators</arg>
<arg>${36}</arg>
<arg>${2}</arg>
<msg timestamp="20220302 22:37:35.486" level="INFO">${quantity} = (//div[@col-id="quantity"])[2]</msg>
<status status="PASS" starttime="20220302 22:37:35.470" endtime="20220302 22:37:35.486"/>
</kw>
<kw name="Click Element" library="SeleniumLibrary">
<arg>${itemcode}</arg>
<doc>Click the element identified by ``locator``.</doc>
<msg timestamp="20220302 22:37:35.501" level="INFO">Clicking element 'xpath:(//div[@col-id="itemCode"])[2]'.</msg>
<status status="PASS" starttime="20220302 22:37:35.486" endtime="20220302 22:37:35.579"/>
</kw>
<kw name="Press Keys" library="SeleniumLibrary">
<arg>None</arg>
<arg>${itemCode_text}</arg>
<doc>Simulates the user pressing key(s) to an element or on the active browser.</doc>
<msg timestamp="20220302 22:37:35.581" level="INFO">Sending key(s) ('9bGpI7MIjYex',) to page.</msg>
<msg timestamp="20220302 22:37:35.581" level="INFO">Sending keys 9bGpI7MIjYex</msg>
<status status="PASS" starttime="20220302 22:37:35.579" endtime="20220302 22:37:35.733"/>
</kw>
<kw name="Click Element" library="SeleniumLibrary">
<arg>${itemName}</arg>
<doc>Click the element identified by ``locator``.</doc>
<msg timestamp="20220302 22:37:35.733" level="INFO">Clicking element 'xpath:(//div[@col-id="itemName"])[2]'.</msg>
<status status="PASS" starttime="20220302 22:37:35.733" endtime="20220302 22:37:35.820"/>
</kw>
<kw name="Press Keys" library="SeleniumLibrary">
<arg>None</arg>
<arg>${itemName_text}</arg>
<doc>Simulates the user pressing key(s) to an element or on the active browser.</doc>
<msg timestamp="20220302 22:37:35.822" level="INFO">Sending key(s) ('4AF1Al0p2V4B',) to page.</msg>
<msg timestamp="20220302 22:37:35.822" level="INFO">Sending keys 4AF1Al0p2V4B</msg>
<status status="PASS" starttime="20220302 22:37:35.821" endtime="20220302 22:37:35.935"/>
</kw>
<kw name="Click Element" library="SeleniumLibrary">
<arg>${itemCategory}</arg>
<doc>Click the element identified by ``locator``.</doc>
<msg timestamp="20220302 22:37:35.936" level="INFO">Clicking element 'xpath:(//div[@col-id="itemCategory"])[2]'.</msg>
<status status="PASS" starttime="20220302 22:37:35.936" endtime="20220302 22:37:36.014"/>
</kw>
<kw name="Click Element" library="SeleniumLibrary">
<arg>${dropdown_list}</arg>
<doc>Click the element identified by ``locator``.</doc>
<msg timestamp="20220302 22:37:36.015" level="INFO">Clicking element 'xpath://*[name()='path' and contains(@d,'M4.516 7.5')]/..'.</msg>
<status status="PASS" starttime="20220302 22:37:36.014" endtime="20220302 22:37:36.153"/>
</kw>
<kw name="Create List" library="BuiltIn">
<var>${category}</var>
<arg>${834}</arg>
<arg>${499}</arg>
<arg>${151}</arg>
<arg>${20}</arg>
<doc>Returns a list containing given items.</doc>
<msg timestamp="20220302 22:37:36.157" level="INFO">${category} = [834, 499, 151, 20]</msg>
<status status="PASS" starttime="20220302 22:37:36.153" endtime="20220302 22:37:36.157"/>
</kw>
<kw name="Click On Region" library="SikuliLibrary">
<arg>${category}</arg>
<doc>Click On Region
 there's no offset to be configured
 works with the keyword Get Extended Region From</doc>
<msg timestamp="20220302 22:37:36.778" level="INFO">[log] CLICK on L[909,509]@S(0) (598 msec)</msg>
<status status="PASS" starttime="20220302 22:37:36.157" endtime="20220302 22:37:36.779"/>
</kw>
<kw name="Click Element" library="SeleniumLibrary">
<arg>${itemDescription}</arg>
<doc>Click the element identified by ``locator``.</doc>
<msg timestamp="20220302 22:37:36.780" level="INFO">Clicking element 'xpath:(//div[@col-id="itemDescription"])[2]'.</msg>
<status status="PASS" starttime="20220302 22:37:36.779" endtime="20220302 22:37:36.866"/>
</kw>
<kw name="Press Keys" library="SeleniumLibrary">
<arg>None</arg>
<arg>${itemDesc_text}</arg>
<doc>Simulates the user pressing key(s) to an element or on the active browser.</doc>
<msg timestamp="20220302 22:37:36.866" level="INFO">Sending key(s) ('fiJLqcrKryHL',) to page.</msg>
<msg timestamp="20220302 22:37:36.866" level="INFO">Sending keys fiJLqcrKryHL</msg>
<status status="PASS" starttime="20220302 22:37:36.866" endtime="20220302 22:37:36.933"/>
</kw>
<kw name="Click Element" library="SeleniumLibrary">
<arg>${add_item_white_space}</arg>
<arg>action_chain=True</arg>
<doc>Click the element identified by ``locator``.</doc>
<msg timestamp="20220302 22:37:36.933" level="INFO">Clicking 'xpath:(//div[@class="ag-center-cols-viewport"])[1]' using an action chain.</msg>
<status status="PASS" starttime="20220302 22:37:36.933" endtime="20220302 22:37:37.249"/>
</kw>
<for flavor="IN RANGE">
<var>${i}</var>
<value>10</value>
<iter>
<var name="${i}">0</var>
<kw name="Press Keys" library="SeleniumLibrary">
<arg>None</arg>
<arg>ARROW_RIGHT</arg>
<doc>Simulates the user pressing key(s) to an element or on the active browser.</doc>
<msg timestamp="20220302 22:37:37.251" level="INFO">Sending key(s) ('ARROW_RIGHT',) to page.</msg>
<msg timestamp="20220302 22:37:37.251" level="INFO">Pressing special key ARROW_RIGHT to browser.</msg>
<msg timestamp="20220302 22:37:37.251" level="INFO">Releasing special key ARROW_RIGHT.</msg>
<status status="PASS" starttime="20220302 22:37:37.250" endtime="20220302 22:37:37.272"/>
</kw>
<status status="PASS" starttime="20220302 22:37:37.250" endtime="20220302 22:37:37.272"/>
</iter>
<iter>
<var name="${i}">1</var>
<kw name="Press Keys" library="SeleniumLibrary">
<arg>None</arg>
<arg>ARROW_RIGHT</arg>
<doc>Simulates the user pressing key(s) to an element or on the active browser.</doc>
<msg timestamp="20220302 22:37:37.274" level="INFO">Sending key(s) ('ARROW_RIGHT',) to page.</msg>
<msg timestamp="20220302 22:37:37.274" level="INFO">Pressing special key ARROW_RIGHT to browser.</msg>
<msg timestamp="20220302 22:37:37.274" level="INFO">Releasing special key ARROW_RIGHT.</msg>
<status status="PASS" starttime="20220302 22:37:37.273" endtime="20220302 22:37:37.281"/>
</kw>
<status status="PASS" starttime="20220302 22:37:37.273" endtime="20220302 22:37:37.281"/>
</iter>
<iter>
<var name="${i}">2</var>
<kw name="Press Keys" library="SeleniumLibrary">
<arg>None</arg>
<arg>ARROW_RIGHT</arg>
<doc>Simulates the user pressing key(s) to an element or on the active browser.</doc>
<msg timestamp="20220302 22:37:37.282" level="INFO">Sending key(s) ('ARROW_RIGHT',) to page.</msg>
<msg timestamp="20220302 22:37:37.282" level="INFO">Pressing special key ARROW_RIGHT to browser.</msg>
<msg timestamp="20220302 22:37:37.282" level="INFO">Releasing special key ARROW_RIGHT.</msg>
<status status="PASS" starttime="20220302 22:37:37.281" endtime="20220302 22:37:37.289"/>
</kw>
<status status="PASS" starttime="20220302 22:37:37.281" endtime="20220302 22:37:37.289"/>
</iter>
<iter>
<var name="${i}">3</var>
<kw name="Press Keys" library="SeleniumLibrary">
<arg>None</arg>
<arg>ARROW_RIGHT</arg>
<doc>Simulates the user pressing key(s) to an element or on the active browser.</doc>
<msg timestamp="20220302 22:37:37.290" level="INFO">Sending key(s) ('ARROW_RIGHT',) to page.</msg>
<msg timestamp="20220302 22:37:37.290" level="INFO">Pressing special key ARROW_RIGHT to browser.</msg>
<msg timestamp="20220302 22:37:37.290" level="INFO">Releasing special key ARROW_RIGHT.</msg>
<status status="PASS" starttime="20220302 22:37:37.289" endtime="20220302 22:37:37.300"/>
</kw>
<status status="PASS" starttime="20220302 22:37:37.289" endtime="20220302 22:37:37.300"/>
</iter>
<iter>
<var name="${i}">4</var>
<kw name="Press Keys" library="SeleniumLibrary">
<arg>None</arg>
<arg>ARROW_RIGHT</arg>
<doc>Simulates the user pressing key(s) to an element or on the active browser.</doc>
<msg timestamp="20220302 22:37:37.301" level="INFO">Sending key(s) ('ARROW_RIGHT',) to page.</msg>
<msg timestamp="20220302 22:37:37.302" level="INFO">Pressing special key ARROW_RIGHT to browser.</msg>
<msg timestamp="20220302 22:37:37.302" level="INFO">Releasing special key ARROW_RIGHT.</msg>
<status status="PASS" starttime="20220302 22:37:37.301" endtime="20220302 22:37:37.312"/>
</kw>
<status status="PASS" starttime="20220302 22:37:37.300" endtime="20220302 22:37:37.313"/>
</iter>
<iter>
<var name="${i}">5</var>
<kw name="Press Keys" library="SeleniumLibrary">
<arg>None</arg>
<arg>ARROW_RIGHT</arg>
<doc>Simulates the user pressing key(s) to an element or on the active browser.</doc>
<msg timestamp="20220302 22:37:37.314" level="INFO">Sending key(s) ('ARROW_RIGHT',) to page.</msg>
<msg timestamp="20220302 22:37:37.314" level="INFO">Pressing special key ARROW_RIGHT to browser.</msg>
<msg timestamp="20220302 22:37:37.314" level="INFO">Releasing special key ARROW_RIGHT.</msg>
<status status="PASS" starttime="20220302 22:37:37.313" endtime="20220302 22:37:37.321"/>
</kw>
<status status="PASS" starttime="20220302 22:37:37.313" endtime="20220302 22:37:37.321"/>
</iter>
<iter>
<var name="${i}">6</var>
<kw name="Press Keys" library="SeleniumLibrary">
<arg>None</arg>
<arg>ARROW_RIGHT</arg>
<doc>Simulates the user pressing key(s) to an element or on the active browser.</doc>
<msg timestamp="20220302 22:37:37.323" level="INFO">Sending key(s) ('ARROW_RIGHT',) to page.</msg>
<msg timestamp="20220302 22:37:37.323" level="INFO">Pressing special key ARROW_RIGHT to browser.</msg>
<msg timestamp="20220302 22:37:37.323" level="INFO">Releasing special key ARROW_RIGHT.</msg>
<status status="PASS" starttime="20220302 22:37:37.322" endtime="20220302 22:37:37.330"/>
</kw>
<status status="PASS" starttime="20220302 22:37:37.322" endtime="20220302 22:37:37.330"/>
</iter>
<iter>
<var name="${i}">7</var>
<kw name="Press Keys" library="SeleniumLibrary">
<arg>None</arg>
<arg>ARROW_RIGHT</arg>
<doc>Simulates the user pressing key(s) to an element or on the active browser.</doc>
<msg timestamp="20220302 22:37:37.331" level="INFO">Sending key(s) ('ARROW_RIGHT',) to page.</msg>
<msg timestamp="20220302 22:37:37.331" level="INFO">Pressing special key ARROW_RIGHT to browser.</msg>
<msg timestamp="20220302 22:37:37.331" level="INFO">Releasing special key ARROW_RIGHT.</msg>
<status status="PASS" starttime="20220302 22:37:37.330" endtime="20220302 22:37:37.339"/>
</kw>
<status status="PASS" starttime="20220302 22:37:37.330" endtime="20220302 22:37:37.339"/>
</iter>
<iter>
<var name="${i}">8</var>
<kw name="Press Keys" library="SeleniumLibrary">
<arg>None</arg>
<arg>ARROW_RIGHT</arg>
<doc>Simulates the user pressing key(s) to an element or on the active browser.</doc>
<msg timestamp="20220302 22:37:37.340" level="INFO">Sending key(s) ('ARROW_RIGHT',) to page.</msg>
<msg timestamp="20220302 22:37:37.340" level="INFO">Pressing special key ARROW_RIGHT to browser.</msg>
<msg timestamp="20220302 22:37:37.341" level="INFO">Releasing special key ARROW_RIGHT.</msg>
<status status="PASS" starttime="20220302 22:37:37.339" endtime="20220302 22:37:37.345"/>
</kw>
<status status="PASS" starttime="20220302 22:37:37.339" endtime="20220302 22:37:37.345"/>
</iter>
<iter>
<var name="${i}">9</var>
<kw name="Press Keys" library="SeleniumLibrary">
<arg>None</arg>
<arg>ARROW_RIGHT</arg>
<doc>Simulates the user pressing key(s) to an element or on the active browser.</doc>
<msg timestamp="20220302 22:37:37.345" level="INFO">Sending key(s) ('ARROW_RIGHT',) to page.</msg>
<msg timestamp="20220302 22:37:37.345" level="INFO">Pressing special key ARROW_RIGHT to browser.</msg>
<msg timestamp="20220302 22:37:37.345" level="INFO">Releasing special key ARROW_RIGHT.</msg>
<status status="PASS" starttime="20220302 22:37:37.345" endtime="20220302 22:37:37.345"/>
</kw>
<status status="PASS" starttime="20220302 22:37:37.345" endtime="20220302 22:37:37.345"/>
</iter>
<status status="PASS" starttime="20220302 22:37:37.250" endtime="20220302 22:37:37.345"/>
</for>
<kw name="Click Element" library="SeleniumLibrary">
<arg>${itemMode}</arg>
<doc>Click the element identified by ``locator``.</doc>
<msg timestamp="20220302 22:37:37.345" level="INFO">Clicking element 'xpath:(//div[@col-id="itemModel"])[2]'.</msg>
<status status="PASS" starttime="20220302 22:37:37.345" endtime="20220302 22:37:37.480"/>
</kw>
<kw name="Press Keys" library="SeleniumLibrary">
<arg>None</arg>
<arg>${itemMode_text}</arg>
<doc>Simulates the user pressing key(s) to an element or on the active browser.</doc>
<msg timestamp="20220302 22:37:37.481" level="INFO">Sending key(s) ('kFYSGxgoj26R',) to page.</msg>
<msg timestamp="20220302 22:37:37.481" level="INFO">Sending keys kFYSGxgoj26R</msg>
<status status="PASS" starttime="20220302 22:37:37.480" endtime="20220302 22:37:37.612"/>
</kw>
<kw name="Click Element" library="SeleniumLibrary">
<arg>${itemSize}</arg>
<doc>Click the element identified by ``locator``.</doc>
<msg timestamp="20220302 22:37:37.613" level="INFO">Clicking element 'xpath:(//div[@col-id="itemSize"])[2]'.</msg>
<status status="PASS" starttime="20220302 22:37:37.612" endtime="20220302 22:37:37.701"/>
</kw>
<kw name="Press Keys" library="SeleniumLibrary">
<arg>None</arg>
<arg>${itemSize_text}</arg>
<doc>Simulates the user pressing key(s) to an element or on the active browser.</doc>
<msg timestamp="20220302 22:37:37.703" level="INFO">Sending key(s) ('35TskbBQWUGe',) to page.</msg>
<msg timestamp="20220302 22:37:37.703" level="INFO">Sending keys 35TskbBQWUGe</msg>
<status status="PASS" starttime="20220302 22:37:37.702" endtime="20220302 22:37:37.829"/>
</kw>
<kw name="Click Element" library="SeleniumLibrary">
<arg>${itemBrand}</arg>
<doc>Click the element identified by ``locator``.</doc>
<msg timestamp="20220302 22:37:37.829" level="INFO">Clicking element 'xpath:(//div[@col-id="itemBrand"])[2]'.</msg>
<status status="PASS" starttime="20220302 22:37:37.829" endtime="20220302 22:37:37.922"/>
</kw>
<kw name="Press Keys" library="SeleniumLibrary">
<arg>None</arg>
<arg>${itemBrand_text}</arg>
<doc>Simulates the user pressing key(s) to an element or on the active browser.</doc>
<msg timestamp="20220302 22:37:37.923" level="INFO">Sending key(s) ('d6ReVnVAJzcu',) to page.</msg>
<msg timestamp="20220302 22:37:37.923" level="INFO">Sending keys d6ReVnVAJzcu</msg>
<status status="PASS" starttime="20220302 22:37:37.922" endtime="20220302 22:37:38.044"/>
</kw>
<kw name="Double Click Element" library="SeleniumLibrary">
<arg>${uomCode}</arg>
<doc>Double clicks the element identified by ``locator``.</doc>
<msg timestamp="20220302 22:37:38.045" level="INFO">Double clicking element 'xpath:(//div[@col-id="uomCode"])[2]'.</msg>
<status status="PASS" starttime="20220302 22:37:38.044" endtime="20220302 22:37:38.371"/>
</kw>
<kw name="Click Element" library="SeleniumLibrary">
<arg>${dropdown_list}</arg>
<doc>Click the element identified by ``locator``.</doc>
<msg timestamp="20220302 22:37:38.372" level="INFO">Clicking element 'xpath://*[name()='path' and contains(@d,'M4.516 7.5')]/..'.</msg>
<status status="PASS" starttime="20220302 22:37:38.371" endtime="20220302 22:37:38.474"/>
</kw>
<kw name="Create List" library="BuiltIn">
<var>${uomCode_region}</var>
<arg>${1284}</arg>
<arg>${498}</arg>
<arg>${110}</arg>
<arg>${24}</arg>
<doc>Returns a list containing given items.</doc>
<msg timestamp="20220302 22:37:38.482" level="INFO">${uomCode_region} = [1284, 498, 110, 24]</msg>
<status status="PASS" starttime="20220302 22:37:38.475" endtime="20220302 22:37:38.482"/>
</kw>
<kw name="Click On Region" library="SikuliLibrary">
<arg>${uomCode_region}</arg>
<doc>Click On Region
 there's no offset to be configured
 works with the keyword Get Extended Region From</doc>
<msg timestamp="20220302 22:37:39.059" level="INFO">[log] CLICK on L[1339,510]@S(0) (568 msec)</msg>
<status status="PASS" starttime="20220302 22:37:38.482" endtime="20220302 22:37:39.059"/>
</kw>
<kw name="Click Element" library="SeleniumLibrary">
<arg>${add_item_white_space}</arg>
<arg>action_chain=True</arg>
<doc>Click the element identified by ``locator``.</doc>
<msg timestamp="20220302 22:37:39.060" level="INFO">Clicking 'xpath:(//div[@class="ag-center-cols-viewport"])[1]' using an action chain.</msg>
<status status="PASS" starttime="20220302 22:37:39.060" endtime="20220302 22:37:39.369"/>
</kw>
<for flavor="IN RANGE">
<var>${i}</var>
<value>10</value>
<iter>
<var name="${i}">0</var>
<kw name="Press Keys" library="SeleniumLibrary">
<arg>None</arg>
<arg>ARROW_RIGHT</arg>
<doc>Simulates the user pressing key(s) to an element or on the active browser.</doc>
<msg timestamp="20220302 22:37:39.370" level="INFO">Sending key(s) ('ARROW_RIGHT',) to page.</msg>
<msg timestamp="20220302 22:37:39.370" level="INFO">Pressing special key ARROW_RIGHT to browser.</msg>
<msg timestamp="20220302 22:37:39.370" level="INFO">Releasing special key ARROW_RIGHT.</msg>
<status status="PASS" starttime="20220302 22:37:39.370" endtime="20220302 22:37:39.396"/>
</kw>
<status status="PASS" starttime="20220302 22:37:39.369" endtime="20220302 22:37:39.396"/>
</iter>
<iter>
<var name="${i}">1</var>
<kw name="Press Keys" library="SeleniumLibrary">
<arg>None</arg>
<arg>ARROW_RIGHT</arg>
<doc>Simulates the user pressing key(s) to an element or on the active browser.</doc>
<msg timestamp="20220302 22:37:39.397" level="INFO">Sending key(s) ('ARROW_RIGHT',) to page.</msg>
<msg timestamp="20220302 22:37:39.398" level="INFO">Pressing special key ARROW_RIGHT to browser.</msg>
<msg timestamp="20220302 22:37:39.398" level="INFO">Releasing special key ARROW_RIGHT.</msg>
<status status="PASS" starttime="20220302 22:37:39.397" endtime="20220302 22:37:39.408"/>
</kw>
<status status="PASS" starttime="20220302 22:37:39.396" endtime="20220302 22:37:39.408"/>
</iter>
<iter>
<var name="${i}">2</var>
<kw name="Press Keys" library="SeleniumLibrary">
<arg>None</arg>
<arg>ARROW_RIGHT</arg>
<doc>Simulates the user pressing key(s) to an element or on the active browser.</doc>
<msg timestamp="20220302 22:37:39.410" level="INFO">Sending key(s) ('ARROW_RIGHT',) to page.</msg>
<msg timestamp="20220302 22:37:39.410" level="INFO">Pressing special key ARROW_RIGHT to browser.</msg>
<msg timestamp="20220302 22:37:39.410" level="INFO">Releasing special key ARROW_RIGHT.</msg>
<status status="PASS" starttime="20220302 22:37:39.409" endtime="20220302 22:37:39.419"/>
</kw>
<status status="PASS" starttime="20220302 22:37:39.408" endtime="20220302 22:37:39.419"/>
</iter>
<iter>
<var name="${i}">3</var>
<kw name="Press Keys" library="SeleniumLibrary">
<arg>None</arg>
<arg>ARROW_RIGHT</arg>
<doc>Simulates the user pressing key(s) to an element or on the active browser.</doc>
<msg timestamp="20220302 22:37:39.420" level="INFO">Sending key(s) ('ARROW_RIGHT',) to page.</msg>
<msg timestamp="20220302 22:37:39.421" level="INFO">Pressing special key ARROW_RIGHT to browser.</msg>
<msg timestamp="20220302 22:37:39.421" level="INFO">Releasing special key ARROW_RIGHT.</msg>
<status status="PASS" starttime="20220302 22:37:39.419" endtime="20220302 22:37:39.433"/>
</kw>
<status status="PASS" starttime="20220302 22:37:39.419" endtime="20220302 22:37:39.433"/>
</iter>
<iter>
<var name="${i}">4</var>
<kw name="Press Keys" library="SeleniumLibrary">
<arg>None</arg>
<arg>ARROW_RIGHT</arg>
<doc>Simulates the user pressing key(s) to an element or on the active browser.</doc>
<msg timestamp="20220302 22:37:39.435" level="INFO">Sending key(s) ('ARROW_RIGHT',) to page.</msg>
<msg timestamp="20220302 22:37:39.435" level="INFO">Pressing special key ARROW_RIGHT to browser.</msg>
<msg timestamp="20220302 22:37:39.435" level="INFO">Releasing special key ARROW_RIGHT.</msg>
<status status="PASS" starttime="20220302 22:37:39.434" endtime="20220302 22:37:39.447"/>
</kw>
<status status="PASS" starttime="20220302 22:37:39.434" endtime="20220302 22:37:39.447"/>
</iter>
<iter>
<var name="${i}">5</var>
<kw name="Press Keys" library="SeleniumLibrary">
<arg>None</arg>
<arg>ARROW_RIGHT</arg>
<doc>Simulates the user pressing key(s) to an element or on the active browser.</doc>
<msg timestamp="20220302 22:37:39.448" level="INFO">Sending key(s) ('ARROW_RIGHT',) to page.</msg>
<msg timestamp="20220302 22:37:39.448" level="INFO">Pressing special key ARROW_RIGHT to browser.</msg>
<msg timestamp="20220302 22:37:39.448" level="INFO">Releasing special key ARROW_RIGHT.</msg>
<status status="PASS" starttime="20220302 22:37:39.447" endtime="20220302 22:37:39.456"/>
</kw>
<status status="PASS" starttime="20220302 22:37:39.447" endtime="20220302 22:37:39.456"/>
</iter>
<iter>
<var name="${i}">6</var>
<kw name="Press Keys" library="SeleniumLibrary">
<arg>None</arg>
<arg>ARROW_RIGHT</arg>
<doc>Simulates the user pressing key(s) to an element or on the active browser.</doc>
<msg timestamp="20220302 22:37:39.458" level="INFO">Sending key(s) ('ARROW_RIGHT',) to page.</msg>
<msg timestamp="20220302 22:37:39.458" level="INFO">Pressing special key ARROW_RIGHT to browser.</msg>
<msg timestamp="20220302 22:37:39.458" level="INFO">Releasing special key ARROW_RIGHT.</msg>
<status status="PASS" starttime="20220302 22:37:39.457" endtime="20220302 22:37:39.481"/>
</kw>
<status status="PASS" starttime="20220302 22:37:39.456" endtime="20220302 22:37:39.481"/>
</iter>
<iter>
<var name="${i}">7</var>
<kw name="Press Keys" library="SeleniumLibrary">
<arg>None</arg>
<arg>ARROW_RIGHT</arg>
<doc>Simulates the user pressing key(s) to an element or on the active browser.</doc>
<msg timestamp="20220302 22:37:39.483" level="INFO">Sending key(s) ('ARROW_RIGHT',) to page.</msg>
<msg timestamp="20220302 22:37:39.483" level="INFO">Pressing special key ARROW_RIGHT to browser.</msg>
<msg timestamp="20220302 22:37:39.483" level="INFO">Releasing special key ARROW_RIGHT.</msg>
<status status="PASS" starttime="20220302 22:37:39.482" endtime="20220302 22:37:39.504"/>
</kw>
<status status="PASS" starttime="20220302 22:37:39.481" endtime="20220302 22:37:39.504"/>
</iter>
<iter>
<var name="${i}">8</var>
<kw name="Press Keys" library="SeleniumLibrary">
<arg>None</arg>
<arg>ARROW_RIGHT</arg>
<doc>Simulates the user pressing key(s) to an element or on the active browser.</doc>
<msg timestamp="20220302 22:37:39.506" level="INFO">Sending key(s) ('ARROW_RIGHT',) to page.</msg>
<msg timestamp="20220302 22:37:39.506" level="INFO">Pressing special key ARROW_RIGHT to browser.</msg>
<msg timestamp="20220302 22:37:39.506" level="INFO">Releasing special key ARROW_RIGHT.</msg>
<status status="PASS" starttime="20220302 22:37:39.505" endtime="20220302 22:37:39.520"/>
</kw>
<status status="PASS" starttime="20220302 22:37:39.505" endtime="20220302 22:37:39.520"/>
</iter>
<iter>
<var name="${i}">9</var>
<kw name="Press Keys" library="SeleniumLibrary">
<arg>None</arg>
<arg>ARROW_RIGHT</arg>
<doc>Simulates the user pressing key(s) to an element or on the active browser.</doc>
<msg timestamp="20220302 22:37:39.521" level="INFO">Sending key(s) ('ARROW_RIGHT',) to page.</msg>
<msg timestamp="20220302 22:37:39.522" level="INFO">Pressing special key ARROW_RIGHT to browser.</msg>
<msg timestamp="20220302 22:37:39.522" level="INFO">Releasing special key ARROW_RIGHT.</msg>
<status status="PASS" starttime="20220302 22:37:39.520" endtime="20220302 22:37:39.536"/>
</kw>
<status status="PASS" starttime="20220302 22:37:39.520" endtime="20220302 22:37:39.536"/>
</iter>
<status status="PASS" starttime="20220302 22:37:39.369" endtime="20220302 22:37:39.536"/>
</for>
<kw name="Click Element" library="SeleniumLibrary">
<arg>${note}</arg>
<doc>Click the element identified by ``locator``.</doc>
<msg timestamp="20220302 22:37:39.537" level="INFO">Clicking element 'xpath:(//div[@col-id="note"])[2]'.</msg>
<status status="PASS" starttime="20220302 22:37:39.536" endtime="20220302 22:37:39.712"/>
</kw>
<kw name="Press Keys" library="SeleniumLibrary">
<arg>None</arg>
<arg>${note_text}</arg>
<doc>Simulates the user pressing key(s) to an element or on the active browser.</doc>
<msg timestamp="20220302 22:37:39.714" level="INFO">Sending key(s) ('VSyxiRfytKej',) to page.</msg>
<msg timestamp="20220302 22:37:39.714" level="INFO">Sending keys VSyxiRfytKej</msg>
<status status="PASS" starttime="20220302 22:37:39.713" endtime="20220302 22:37:39.795"/>
</kw>
<kw name="Click Element" library="SeleniumLibrary">
<arg>${quantity}</arg>
<doc>Click the element identified by ``locator``.</doc>
<msg timestamp="20220302 22:37:39.796" level="INFO">Clicking element '(//div[@col-id="quantity"])[2]'.</msg>
<status status="PASS" starttime="20220302 22:37:39.796" endtime="20220302 22:37:39.913"/>
</kw>
<kw name="Press Keys" library="SeleniumLibrary">
<arg>None</arg>
<arg>${quantity_value}</arg>
<doc>Simulates the user pressing key(s) to an element or on the active browser.</doc>
<msg timestamp="20220302 22:37:39.915" level="INFO">Sending key(s) ('16',) to page.</msg>
<msg timestamp="20220302 22:37:39.915" level="INFO">Sending keys 16</msg>
<status status="PASS" starttime="20220302 22:37:39.914" endtime="20220302 22:37:39.988"/>
</kw>
<status status="PASS" starttime="20220302 22:37:35.237" endtime="20220302 22:37:39.989"/>
</kw>
<kw name="Validate Internal Conversations">
<kw name="Fetch Login Excel" library="fetchExcel">
<var>${comment_box}</var>
<arg>Locators</arg>
<arg>${31}</arg>
<arg>${2}</arg>
<msg timestamp="20220302 22:37:40.018" level="INFO">${comment_box} = //div[@class='mb-2 row']//input[@placeholder='Please enter your comment here...']</msg>
<status status="PASS" starttime="20220302 22:37:39.991" endtime="20220302 22:37:40.018"/>
</kw>
<kw name="Fetch Login Excel" library="fetchExcel">
<var>${send_button}</var>
<arg>Locators</arg>
<arg>${32}</arg>
<arg>${2}</arg>
<msg timestamp="20220302 22:37:40.050" level="INFO">${send_button} = //div[@class='mb-2 row']//button[@type='button'][normalize-space()='Send']</msg>
<status status="PASS" starttime="20220302 22:37:40.018" endtime="20220302 22:37:40.051"/>
</kw>
<kw name="Fetch Login Excel" library="fetchExcel">
<var>${comment_text}</var>
<arg>TestData</arg>
<arg>${2}</arg>
<arg>${8}</arg>
<msg timestamp="20220302 22:37:40.073" level="INFO">${comment_text} = Just testing</msg>
<status status="PASS" starttime="20220302 22:37:40.051" endtime="20220302 22:37:40.073"/>
</kw>
<kw name="Input Text" library="SeleniumLibrary">
<arg>${comment_box}</arg>
<arg>${comment_text}</arg>
<doc>Types the given ``text`` into the text field identified by ``locator``.</doc>
<msg timestamp="20220302 22:37:40.075" level="INFO">Typing text 'Just testing' into text field '//div[@class='mb-2 row']//input[@placeholder='Please enter your comment here...']'.</msg>
<status status="PASS" starttime="20220302 22:37:40.073" endtime="20220302 22:37:40.337"/>
</kw>
<kw name="Click Button" library="SeleniumLibrary">
<arg>${send_button}</arg>
<doc>Clicks the button identified by ``locator``.</doc>
<msg timestamp="20220302 22:37:40.338" level="INFO">Clicking button '//div[@class='mb-2 row']//button[@type='button'][normalize-space()='Send']'.</msg>
<status status="PASS" starttime="20220302 22:37:40.337" endtime="20220302 22:37:40.559"/>
</kw>
<status status="PASS" starttime="20220302 22:37:39.990" endtime="20220302 22:37:40.559"/>
</kw>
<kw name="Validate External Conversations">
<kw name="Fetch Login Excel" library="fetchExcel">
<var>${comment_box}</var>
<arg>Locators</arg>
<arg>${33}</arg>
<arg>${2}</arg>
<msg timestamp="20220302 22:37:40.598" level="INFO">${comment_box} = //div[@class='mb-4 row']//input[@placeholder='Please enter your comment here...']</msg>
<status status="PASS" starttime="20220302 22:37:40.561" endtime="20220302 22:37:40.599"/>
</kw>
<kw name="Fetch Login Excel" library="fetchExcel">
<var>${send_button}</var>
<arg>Locators</arg>
<arg>${34}</arg>
<arg>${2}</arg>
<msg timestamp="20220302 22:37:40.635" level="INFO">${send_button} = //div[@class='mb-4 row']//button[@type='button'][normalize-space()='Send']</msg>
<status status="PASS" starttime="20220302 22:37:40.599" endtime="20220302 22:37:40.635"/>
</kw>
<kw name="Fetch Login Excel" library="fetchExcel">
<var>${comment_text}</var>
<arg>TestData</arg>
<arg>${2}</arg>
<arg>${8}</arg>
<msg timestamp="20220302 22:37:40.659" level="INFO">${comment_text} = Just testing</msg>
<status status="PASS" starttime="20220302 22:37:40.635" endtime="20220302 22:37:40.659"/>
</kw>
<kw name="Input Text" library="SeleniumLibrary">
<arg>${comment_box}</arg>
<arg>${comment_text}</arg>
<doc>Types the given ``text`` into the text field identified by ``locator``.</doc>
<msg timestamp="20220302 22:37:40.660" level="INFO">Typing text 'Just testing' into text field '//div[@class='mb-4 row']//input[@placeholder='Please enter your comment here...']'.</msg>
<status status="PASS" starttime="20220302 22:37:40.659" endtime="20220302 22:37:40.930"/>
</kw>
<kw name="Click Button" library="SeleniumLibrary">
<arg>${send_button}</arg>
<doc>Clicks the button identified by ``locator``.</doc>
<msg timestamp="20220302 22:37:40.931" level="INFO">Clicking button '//div[@class='mb-4 row']//button[@type='button'][normalize-space()='Send']'.</msg>
<status status="PASS" starttime="20220302 22:37:40.930" endtime="20220302 22:37:41.102"/>
</kw>
<status status="PASS" starttime="20220302 22:37:40.560" endtime="20220302 22:37:41.102"/>
</kw>
<kw name="Click PPR Raise Submit Button">
<kw name="Fetch Login Excel" library="fetchExcel">
<var>${submit_button}</var>
<arg>Locators</arg>
<arg>${35}</arg>
<arg>${2}</arg>
<msg timestamp="20220302 22:37:41.132" level="INFO">${submit_button} = //button[@class='mr-3 btn btn-primary']</msg>
<status status="PASS" starttime="20220302 22:37:41.103" endtime="20220302 22:37:41.132"/>
</kw>
<kw name="Click Button" library="SeleniumLibrary">
<arg>${submit_button}</arg>
<doc>Clicks the button identified by ``locator``.</doc>
<msg timestamp="20220302 22:37:41.133" level="INFO">Clicking button '//button[@class='mr-3 btn btn-primary']'.</msg>
<status status="PASS" starttime="20220302 22:37:41.133" endtime="20220302 22:37:41.368"/>
</kw>
<status status="PASS" starttime="20220302 22:37:41.103" endtime="20220302 22:37:41.368"/>
</kw>
<kw name="Verify PPR">
<kw name="Fetch Login Excel" library="fetchExcel">
<var>${Purchase_Pre_Requisitions_List_Header}</var>
<arg>Locators</arg>
<arg>${37}</arg>
<arg>${2}</arg>
<msg timestamp="20220302 22:37:41.409" level="INFO">${Purchase_Pre_Requisitions_List_Header} = xpath://h1[@class='display-5 mr-3 mb-0 align-self-start']//span[contains(text(),'Purchase Pre-Requisitions List')]</msg>
<status status="PASS" starttime="20220302 22:37:41.370" endtime="20220302 22:37:41.409"/>
</kw>
<kw name="Wait Until Page Contains Element" library="SeleniumLibrary">
<arg>${Purchase_Pre_Requisitions_List_Header}</arg>
<arg>10</arg>
<doc>Waits until the element ``locator`` appears on the current page.</doc>
<status status="PASS" starttime="20220302 22:37:41.410" endtime="20220302 22:37:42.443"/>
</kw>
<status status="PASS" starttime="20220302 22:37:41.369" endtime="20220302 22:37:42.444"/>
</kw>
<kw name="Sleep" library="BuiltIn">
<arg>8</arg>
<doc>Pauses the test executed for the given time.</doc>
<msg timestamp="20220302 22:37:50.453" level="INFO">Slept 8 seconds</msg>
<status status="PASS" starttime="20220302 22:37:42.444" endtime="20220302 22:37:50.453"/>
</kw>
<kw name="Click Logout">
<kw name="Fetch Login Excel" library="fetchExcel">
<var>${logout_btn}</var>
<arg>Locators</arg>
<arg>${5}</arg>
<arg>${2}</arg>
<msg timestamp="20220302 22:37:50.469" level="INFO">${logout_btn} = xpath://i[@class='fa fa-power-off']</msg>
<status status="PASS" starttime="20220302 22:37:50.453" endtime="20220302 22:37:50.469"/>
</kw>
<kw name="Wait Until Page Contains Element" library="SeleniumLibrary">
<arg>${logout_btn}</arg>
<arg>10</arg>
<doc>Waits until the element ``locator`` appears on the current page.</doc>
<status status="PASS" starttime="20220302 22:37:50.469" endtime="20220302 22:37:50.484"/>
</kw>
<kw name="Click Element" library="SeleniumLibrary">
<arg>${logout_btn}</arg>
<doc>Click the element identified by ``locator``.</doc>
<msg timestamp="20220302 22:37:50.484" level="INFO">Clicking element 'xpath://i[@class='fa fa-power-off']'.</msg>
<status status="PASS" starttime="20220302 22:37:50.484" endtime="20220302 22:37:51.085"/>
</kw>
<status status="PASS" starttime="20220302 22:37:50.453" endtime="20220302 22:37:51.086"/>
</kw>
<status status="PASS" starttime="20220302 22:37:04.154" endtime="20220302 22:37:51.087"/>
</test>
<test id="s1-s1-t2" name="Approve PPR">
<kw name="Enter Chris username">
<kw name="Fetch Login Excel" library="fetchExcel">
<var>${username_loc}</var>
<arg>Locators</arg>
<arg>${2}</arg>
<arg>${2}</arg>
<msg timestamp="20220302 22:37:51.119" level="INFO">${username_loc} = xpath://input[@id='email']</msg>
<status status="PASS" starttime="20220302 22:37:51.093" endtime="20220302 22:37:51.119"/>
</kw>
<kw name="Fetch Login Excel" library="fetchExcel">
<var>${chris_username}</var>
<arg>TestData</arg>
<arg>${3}</arg>
<arg>${1}</arg>
<msg timestamp="20220302 22:37:51.144" level="INFO">${chris_username} = chris.p2papp@getnada.com</msg>
<status status="PASS" starttime="20220302 22:37:51.119" endtime="20220302 22:37:51.144"/>
</kw>
<kw name="Fetch Login Excel" library="fetchExcel">
<var>${password_loc}</var>
<arg>Locators</arg>
<arg>${3}</arg>
<arg>${2}</arg>
<msg timestamp="20220302 22:37:51.162" level="INFO">${password_loc} = xpath://input[@id='password']</msg>
<status status="PASS" starttime="20220302 22:37:51.144" endtime="20220302 22:37:51.162"/>
</kw>
<kw name="Fetch Login Excel" library="fetchExcel">
<var>${password}</var>
<arg>TestData</arg>
<arg>${3}</arg>
<arg>${2}</arg>
<msg timestamp="20220302 22:37:51.179" level="INFO">${password} = P@ss2022</msg>
<status status="PASS" starttime="20220302 22:37:51.162" endtime="20220302 22:37:51.179"/>
</kw>
<kw name="Input Text" library="SeleniumLibrary">
<arg>${username_loc}</arg>
<arg>${chris_username}</arg>
<arg>True</arg>
<doc>Types the given ``text`` into the text field identified by ``locator``.</doc>
<msg timestamp="20220302 22:37:51.180" level="INFO">Typing text 'chris.p2papp@getnada.com' into text field 'xpath://input[@id='email']'.</msg>
<status status="PASS" starttime="20220302 22:37:51.179" endtime="20220302 22:37:51.331"/>
</kw>
<kw name="Input Text" library="SeleniumLibrary">
<arg>${password_loc}</arg>
<arg>${password}</arg>
<arg>True</arg>
<doc>Types the given ``text`` into the text field identified by ``locator``.</doc>
<msg timestamp="20220302 22:37:51.332" level="INFO">Typing text 'P@ss2022' into text field 'xpath://input[@id='password']'.</msg>
<status status="PASS" starttime="20220302 22:37:51.331" endtime="20220302 22:37:51.456"/>
</kw>
<status status="PASS" starttime="20220302 22:37:51.092" endtime="20220302 22:37:51.456"/>
</kw>
<kw name="Click Login Button">
<kw name="Fetch Login Excel" library="fetchExcel">
<var>${submit_loc}</var>
<arg>Locators</arg>
<arg>${4}</arg>
<arg>${2}</arg>
<msg timestamp="20220302 22:37:51.480" level="INFO">${submit_loc} = xpath://button[text()='Login']</msg>
<status status="PASS" starttime="20220302 22:37:51.458" endtime="20220302 22:37:51.480"/>
</kw>
<kw name="Wait Until Page Contains Element" library="SeleniumLibrary">
<arg>${submit_loc}</arg>
<arg>10</arg>
<doc>Waits until the element ``locator`` appears on the current page.</doc>
<status status="PASS" starttime="20220302 22:37:51.480" endtime="20220302 22:37:51.498"/>
</kw>
<kw name="Click Button" library="SeleniumLibrary">
<arg>${submit_loc}</arg>
<doc>Clicks the button identified by ``locator``.</doc>
<msg timestamp="20220302 22:37:51.499" level="INFO">Clicking button 'xpath://button[text()='Login']'.</msg>
<status status="PASS" starttime="20220302 22:37:51.498" endtime="20220302 22:37:54.263"/>
</kw>
<status status="PASS" starttime="20220302 22:37:51.457" endtime="20220302 22:37:54.263"/>
</kw>
<kw name="Wait Until Page Contains" library="SeleniumLibrary">
<arg>Dashboard</arg>
<arg>10</arg>
<doc>Waits until ``text`` appears on the current page.</doc>
<status status="PASS" starttime="20220302 22:37:54.264" endtime="20220302 22:37:55.117"/>
</kw>
<kw name="Click Requisition Tab">
<kw name="Fetch Login Excel" library="fetchExcel">
<var>${requisition_tab}</var>
<arg>Locators</arg>
<arg>${6}</arg>
<arg>${2}</arg>
<msg timestamp="20220302 22:37:55.145" level="INFO">${requisition_tab} = xpath://div[normalize-space()='Requisitions']</msg>
<status status="PASS" starttime="20220302 22:37:55.119" endtime="20220302 22:37:55.145"/>
</kw>
<kw name="Click Element" library="SeleniumLibrary">
<arg>${requisition_tab}</arg>
<doc>Click the element identified by ``locator``.</doc>
<msg timestamp="20220302 22:37:55.146" level="INFO">Clicking element 'xpath://div[normalize-space()='Requisitions']'.</msg>
<status status="PASS" starttime="20220302 22:37:55.145" endtime="20220302 22:37:55.792"/>
</kw>
<status status="PASS" starttime="20220302 22:37:55.118" endtime="20220302 22:37:55.792"/>
</kw>
<kw name="Click Pre Purchase Requisition Tab">
<kw name="Fetch Login Excel" library="fetchExcel">
<var>${requisition_tab}</var>
<arg>Locators</arg>
<arg>${7}</arg>
<arg>${2}</arg>
<msg timestamp="20220302 22:37:55.821" level="INFO">${requisition_tab} = xpath://span[normalize-space()='Pre Purchase Requisition']</msg>
<status status="PASS" starttime="20220302 22:37:55.793" endtime="20220302 22:37:55.821"/>
</kw>
<kw name="Click Element" library="SeleniumLibrary">
<arg>${requisition_tab}</arg>
<doc>Click the element identified by ``locator``.</doc>
<msg timestamp="20220302 22:37:55.822" level="INFO">Clicking element 'xpath://span[normalize-space()='Pre Purchase Requisition']'.</msg>
<status status="PASS" starttime="20220302 22:37:55.821" endtime="20220302 22:37:55.884"/>
</kw>
<status status="PASS" starttime="20220302 22:37:55.793" endtime="20220302 22:37:55.884"/>
</kw>
<kw name="Click Purchase Pre-Requisitions List">
<kw name="Fetch Login Excel" library="fetchExcel">
<var>${Purchase_Pre_Requisitions_List}</var>
<arg>Locators</arg>
<arg>${38}</arg>
<arg>${2}</arg>
<msg timestamp="20220302 22:37:55.913" level="INFO">${Purchase_Pre_Requisitions_List} = xpath://a[@class='sidebar-submenu__entry__link']//span[contains(text(),'Purchase Pre-Requisitions List')]</msg>
<status status="PASS" starttime="20220302 22:37:55.885" endtime="20220302 22:37:55.913"/>
</kw>
<kw name="Click Element" library="SeleniumLibrary">
<arg>${Purchase_Pre_Requisitions_List}</arg>
<doc>Click the element identified by ``locator``.</doc>
<msg timestamp="20220302 22:37:55.914" level="INFO">Clicking element 'xpath://a[@class='sidebar-submenu__entry__link']//span[contains(text(),'Purchase Pre-Requisitions List')]'.</msg>
<status status="PASS" starttime="20220302 22:37:55.913" endtime="20220302 22:37:56.178"/>
</kw>
<status status="PASS" starttime="20220302 22:37:55.885" endtime="20220302 22:37:56.178"/>
</kw>
<kw name="Select first List">
<kw name="Fetch Login Excel" library="fetchExcel">
<var>${Pre_Requisitions_first_List}</var>
<arg>Locators</arg>
<arg>${39}</arg>
<arg>${2}</arg>
<msg timestamp="20220302 22:37:56.217" level="INFO">${Pre_Requisitions_first_List} = xpath:(//div[@ref="eViewport"])[1]/div/div[1]</msg>
<status status="PASS" starttime="20220302 22:37:56.180" endtime="20220302 22:37:56.217"/>
</kw>
<kw name="Double Click Element" library="SeleniumLibrary">
<arg>${Pre_Requisitions_first_List}</arg>
<doc>Double clicks the element identified by ``locator``.</doc>
<msg timestamp="20220302 22:37:56.218" level="INFO">Double clicking element 'xpath:(//div[@ref="eViewport"])[1]/div/div[1]'.</msg>
<status status="PASS" starttime="20220302 22:37:56.217" endtime="20220302 22:37:57.019"/>
</kw>
<status status="PASS" starttime="20220302 22:37:56.179" endtime="20220302 22:37:57.019"/>
</kw>
<kw name="Scroll down to Audit Trail">
<kw name="Fetch Login Excel" library="fetchExcel">
<var>${Audit_trail}</var>
<arg>Locators</arg>
<arg>${40}</arg>
<arg>${2}</arg>
<msg timestamp="20220302 22:37:57.093" level="INFO">${Audit_trail} = xpath://p[text()='Audit Trail']</msg>
<status status="PASS" starttime="20220302 22:37:57.022" endtime="20220302 22:37:57.093"/>
</kw>
<kw name="Scroll Element Into View" library="SeleniumLibrary">
<arg>${Audit_trail}</arg>
<doc>Scrolls the element identified by ``locator`` into view.</doc>
<status status="PASS" starttime="20220302 22:37:57.093" endtime="20220302 22:37:58.546"/>
</kw>
<status status="PASS" starttime="20220302 22:37:57.020" endtime="20220302 22:37:58.546"/>
</kw>
<kw name="Click Approve Button">
<kw name="Fetch Login Excel" library="fetchExcel">
<var>${Approve_button}</var>
<arg>Locators</arg>
<arg>${41}</arg>
<arg>${2}</arg>
<msg timestamp="20220302 22:37:58.580" level="INFO">${Approve_button} = xpath://button[@label="Approve"]</msg>
<status status="PASS" starttime="20220302 22:37:58.547" endtime="20220302 22:37:58.580"/>
</kw>
<kw name="Element Should Be Visible" library="SeleniumLibrary">
<arg>${Approve_button}</arg>
<doc>Verifies that the element identified by ``locator`` is visible.</doc>
<msg timestamp="20220302 22:37:58.848" level="INFO">Element 'xpath://button[@label="Approve"]' is displayed.</msg>
<status status="PASS" starttime="20220302 22:37:58.580" endtime="20220302 22:37:58.848"/>
</kw>
<kw name="Click Button" library="SeleniumLibrary">
<arg>${Approve_button}</arg>
<doc>Clicks the button identified by ``locator``.</doc>
<msg timestamp="20220302 22:37:58.849" level="INFO">Clicking button 'xpath://button[@label="Approve"]'.</msg>
<status status="PASS" starttime="20220302 22:37:58.848" endtime="20220302 22:37:58.972"/>
</kw>
<status status="PASS" starttime="20220302 22:37:58.547" endtime="20220302 22:37:58.973"/>
</kw>
<kw name="Sleep" library="BuiltIn">
<arg>8</arg>
<doc>Pauses the test executed for the given time.</doc>
<msg timestamp="20220302 22:38:06.977" level="INFO">Slept 8 seconds</msg>
<status status="PASS" starttime="20220302 22:37:58.974" endtime="20220302 22:38:06.977"/>
</kw>
<kw name="Click Logout">
<kw name="Fetch Login Excel" library="fetchExcel">
<var>${logout_btn}</var>
<arg>Locators</arg>
<arg>${5}</arg>
<arg>${2}</arg>
<msg timestamp="20220302 22:38:06.992" level="INFO">${logout_btn} = xpath://i[@class='fa fa-power-off']</msg>
<status status="PASS" starttime="20220302 22:38:06.977" endtime="20220302 22:38:06.992"/>
</kw>
<kw name="Wait Until Page Contains Element" library="SeleniumLibrary">
<arg>${logout_btn}</arg>
<arg>10</arg>
<doc>Waits until the element ``locator`` appears on the current page.</doc>
<status status="PASS" starttime="20220302 22:38:06.992" endtime="20220302 22:38:06.992"/>
</kw>
<kw name="Click Element" library="SeleniumLibrary">
<arg>${logout_btn}</arg>
<doc>Click the element identified by ``locator``.</doc>
<msg timestamp="20220302 22:38:06.992" level="INFO">Clicking element 'xpath://i[@class='fa fa-power-off']'.</msg>
<status status="PASS" starttime="20220302 22:38:06.992" endtime="20220302 22:38:07.741"/>
</kw>
<status status="PASS" starttime="20220302 22:38:06.977" endtime="20220302 22:38:07.741"/>
</kw>
<status status="PASS" starttime="20220302 22:37:51.090" endtime="20220302 22:38:07.742"/>
</test>
<test id="s1-s1-t3" name="Convert to PR">
<kw name="Enter Marilyn username">
<kw name="Fetch Login Excel" library="fetchExcel">
<var>${username_loc}</var>
<arg>Locators</arg>
<arg>${2}</arg>
<arg>${2}</arg>
<msg timestamp="20220302 22:38:07.776" level="INFO">${username_loc} = xpath://input[@id='email']</msg>
<status status="PASS" starttime="20220302 22:38:07.747" endtime="20220302 22:38:07.777"/>
</kw>
<kw name="Fetch Login Excel" library="fetchExcel">
<var>${marilyn_username}</var>
<arg>TestData</arg>
<arg>${2}</arg>
<arg>${1}</arg>
<msg timestamp="20220302 22:38:07.798" level="INFO">${marilyn_username} = marilyn.f@getnada.com</msg>
<status status="PASS" starttime="20220302 22:38:07.777" endtime="20220302 22:38:07.798"/>
</kw>
<kw name="Fetch Login Excel" library="fetchExcel">
<var>${password_loc}</var>
<arg>Locators</arg>
<arg>${3}</arg>
<arg>${2}</arg>
<msg timestamp="20220302 22:38:07.818" level="INFO">${password_loc} = xpath://input[@id='password']</msg>
<status status="PASS" starttime="20220302 22:38:07.798" endtime="20220302 22:38:07.818"/>
</kw>
<kw name="Fetch Login Excel" library="fetchExcel">
<var>${password}</var>
<arg>TestData</arg>
<arg>${2}</arg>
<arg>${2}</arg>
<msg timestamp="20220302 22:38:07.844" level="INFO">${password} = P@ss2022</msg>
<status status="PASS" starttime="20220302 22:38:07.819" endtime="20220302 22:38:07.844"/>
</kw>
<kw name="Input Text" library="SeleniumLibrary">
<arg>${username_loc}</arg>
<arg>${marilyn_username}</arg>
<arg>True</arg>
<doc>Types the given ``text`` into the text field identified by ``locator``.</doc>
<msg timestamp="20220302 22:38:07.845" level="INFO">Typing text 'marilyn.f@getnada.com' into text field 'xpath://input[@id='email']'.</msg>
<status status="PASS" starttime="20220302 22:38:07.844" endtime="20220302 22:38:07.986"/>
</kw>
<kw name="Input Text" library="SeleniumLibrary">
<arg>${password_loc}</arg>
<arg>${password}</arg>
<arg>True</arg>
<doc>Types the given ``text`` into the text field identified by ``locator``.</doc>
<msg timestamp="20220302 22:38:07.987" level="INFO">Typing text 'P@ss2022' into text field 'xpath://input[@id='password']'.</msg>
<status status="PASS" starttime="20220302 22:38:07.986" endtime="20220302 22:38:08.098"/>
</kw>
<status status="PASS" starttime="20220302 22:38:07.747" endtime="20220302 22:38:08.098"/>
</kw>
<kw name="Click Login Button">
<kw name="Fetch Login Excel" library="fetchExcel">
<var>${submit_loc}</var>
<arg>Locators</arg>
<arg>${4}</arg>
<arg>${2}</arg>
<msg timestamp="20220302 22:38:08.124" level="INFO">${submit_loc} = xpath://button[text()='Login']</msg>
<status status="PASS" starttime="20220302 22:38:08.099" endtime="20220302 22:38:08.124"/>
</kw>
<kw name="Wait Until Page Contains Element" library="SeleniumLibrary">
<arg>${submit_loc}</arg>
<arg>10</arg>
<doc>Waits until the element ``locator`` appears on the current page.</doc>
<status status="PASS" starttime="20220302 22:38:08.125" endtime="20220302 22:38:08.134"/>
</kw>
<kw name="Click Button" library="SeleniumLibrary">
<arg>${submit_loc}</arg>
<doc>Clicks the button identified by ``locator``.</doc>
<msg timestamp="20220302 22:38:08.135" level="INFO">Clicking button 'xpath://button[text()='Login']'.</msg>
<status status="PASS" starttime="20220302 22:38:08.134" endtime="20220302 22:38:09.203"/>
</kw>
<status status="PASS" starttime="20220302 22:38:08.099" endtime="20220302 22:38:09.204"/>
</kw>
<kw name="Wait Until Page Contains" library="SeleniumLibrary">
<arg>Dashboard</arg>
<arg>10</arg>
<doc>Waits until ``text`` appears on the current page.</doc>
<status status="PASS" starttime="20220302 22:38:09.205" endtime="20220302 22:38:10.220"/>
</kw>
<kw name="Click Requisition Tab">
<kw name="Fetch Login Excel" library="fetchExcel">
<var>${requisition_tab}</var>
<arg>Locators</arg>
<arg>${6}</arg>
<arg>${2}</arg>
<msg timestamp="20220302 22:38:10.250" level="INFO">${requisition_tab} = xpath://div[normalize-space()='Requisitions']</msg>
<status status="PASS" starttime="20220302 22:38:10.223" endtime="20220302 22:38:10.250"/>
</kw>
<kw name="Click Element" library="SeleniumLibrary">
<arg>${requisition_tab}</arg>
<doc>Click the element identified by ``locator``.</doc>
<msg timestamp="20220302 22:38:10.251" level="INFO">Clicking element 'xpath://div[normalize-space()='Requisitions']'.</msg>
<status status="PASS" starttime="20220302 22:38:10.251" endtime="20220302 22:38:11.221"/>
</kw>
<status status="PASS" starttime="20220302 22:38:10.222" endtime="20220302 22:38:11.221"/>
</kw>
<kw name="Click Pre Purchase Requisition Tab">
<kw name="Fetch Login Excel" library="fetchExcel">
<var>${requisition_tab}</var>
<arg>Locators</arg>
<arg>${7}</arg>
<arg>${2}</arg>
<msg timestamp="20220302 22:38:11.264" level="INFO">${requisition_tab} = xpath://span[normalize-space()='Pre Purchase Requisition']</msg>
<status status="PASS" starttime="20220302 22:38:11.235" endtime="20220302 22:38:11.264"/>
</kw>
<kw name="Click Element" library="SeleniumLibrary">
<arg>${requisition_tab}</arg>
<doc>Click the element identified by ``locator``.</doc>
<msg timestamp="20220302 22:38:11.265" level="INFO">Clicking element 'xpath://span[normalize-space()='Pre Purchase Requisition']'.</msg>
<status status="PASS" starttime="20220302 22:38:11.265" endtime="20220302 22:38:11.342"/>
</kw>
<status status="PASS" starttime="20220302 22:38:11.234" endtime="20220302 22:38:11.343"/>
</kw>
<kw name="Click Purchase Pre-Requisitions List">
<kw name="Fetch Login Excel" library="fetchExcel">
<var>${Purchase_Pre_Requisitions_List}</var>
<arg>Locators</arg>
<arg>${38}</arg>
<arg>${2}</arg>
<msg timestamp="20220302 22:38:11.378" level="INFO">${Purchase_Pre_Requisitions_List} = xpath://a[@class='sidebar-submenu__entry__link']//span[contains(text(),'Purchase Pre-Requisitions List')]</msg>
<status status="PASS" starttime="20220302 22:38:11.344" endtime="20220302 22:38:11.378"/>
</kw>
<kw name="Click Element" library="SeleniumLibrary">
<arg>${Purchase_Pre_Requisitions_List}</arg>
<doc>Click the element identified by ``locator``.</doc>
<msg timestamp="20220302 22:38:11.380" level="INFO">Clicking element 'xpath://a[@class='sidebar-submenu__entry__link']//span[contains(text(),'Purchase Pre-Requisitions List')]'.</msg>
<status status="PASS" starttime="20220302 22:38:11.379" endtime="20220302 22:38:11.706"/>
</kw>
<status status="PASS" starttime="20220302 22:38:11.343" endtime="20220302 22:38:11.706"/>
</kw>
<kw name="Select first List">
<kw name="Fetch Login Excel" library="fetchExcel">
<var>${Pre_Requisitions_first_List}</var>
<arg>Locators</arg>
<arg>${39}</arg>
<arg>${2}</arg>
<msg timestamp="20220302 22:38:11.745" level="INFO">${Pre_Requisitions_first_List} = xpath:(//div[@ref="eViewport"])[1]/div/div[1]</msg>
<status status="PASS" starttime="20220302 22:38:11.708" endtime="20220302 22:38:11.745"/>
</kw>
<kw name="Double Click Element" library="SeleniumLibrary">
<arg>${Pre_Requisitions_first_List}</arg>
<doc>Double clicks the element identified by ``locator``.</doc>
<msg timestamp="20220302 22:38:11.746" level="INFO">Double clicking element 'xpath:(//div[@ref="eViewport"])[1]/div/div[1]'.</msg>
<status status="PASS" starttime="20220302 22:38:11.746" endtime="20220302 22:38:13.103"/>
</kw>
<status status="PASS" starttime="20220302 22:38:11.707" endtime="20220302 22:38:13.104"/>
</kw>
<kw name="Scroll down to Audit Trail">
<kw name="Fetch Login Excel" library="fetchExcel">
<var>${Audit_trail}</var>
<arg>Locators</arg>
<arg>${40}</arg>
<arg>${2}</arg>
<msg timestamp="20220302 22:38:13.144" level="INFO">${Audit_trail} = xpath://p[text()='Audit Trail']</msg>
[...]
<status status="PASS" starttime="20220302 22:40:46.944" endtime="20220302 22:40:47.397"/>
</kw>
<status status="PASS" starttime="20220302 22:40:46.903" endtime="20220302 22:40:47.397"/>
</kw>
<kw name="Approve Purchase Request">
<kw name="Fetch Login Excel" library="fetchExcel">
<var>${approve_button}</var>
<arg>Locators</arg>
<arg>${56}</arg>
<arg>${2}</arg>
<msg timestamp="20220302 22:40:47.461" level="INFO">${approve_button} = xpath://button[normalize-space()='Approve']</msg>
<status status="PASS" starttime="20220302 22:40:47.404" endtime="20220302 22:40:47.461"/>
</kw>
<kw name="Wait Until Element Is Visible" library="SeleniumLibrary">
<arg>${approve_button}</arg>
<arg>10</arg>
<doc>Waits until the element ``locator`` is visible.</doc>
<status status="PASS" starttime="20220302 22:40:47.462" endtime="20220302 22:40:51.828"/>
</kw>
<kw name="Wait Until Element Is Enabled" library="SeleniumLibrary">
<arg>${approve_button}</arg>
<arg>10</arg>
<doc>Waits until the element ``locator`` is enabled.</doc>
<status status="PASS" starttime="20220302 22:40:51.829" endtime="20220302 22:40:52.029"/>
</kw>
<kw name="Click Button" library="SeleniumLibrary">
<arg>${approve_button}</arg>
<doc>Clicks the button identified by ``locator``.</doc>
<msg timestamp="20220302 22:40:52.030" level="INFO">Clicking button 'xpath://button[normalize-space()='Approve']'.</msg>
<status status="PASS" starttime="20220302 22:40:52.029" endtime="20220302 22:40:52.247"/>
</kw>
<status status="PASS" starttime="20220302 22:40:47.402" endtime="20220302 22:40:52.248"/>
</kw>
<kw name="Sleep" library="BuiltIn">
<arg>8</arg>
<doc>Pauses the test executed for the given time.</doc>
<msg timestamp="20220302 22:41:00.249" level="INFO">Slept 8 seconds</msg>
<status status="PASS" starttime="20220302 22:40:52.248" endtime="20220302 22:41:00.249"/>
</kw>
<status status="PASS" starttime="20220302 22:40:41.709" endtime="20220302 22:41:00.249"/>
</test>
<test id="s1-s2-t3" name="Conversion To PO">
<kw name="Go to Purchase Requisitions To Be Converted List">
<kw name="Fetch Login Excel" library="fetchExcel">
<var>${order_tab}</var>
<arg>Locators</arg>
<arg>${57}</arg>
<arg>${2}</arg>
<msg timestamp="20220302 22:41:00.255" level="INFO">${order_tab} = xpath://div[normalize-space()='Orders']</msg>
<status status="PASS" starttime="20220302 22:41:00.249" endtime="20220302 22:41:00.255"/>
</kw>
<kw name="Fetch Login Excel" library="fetchExcel">
<var>${Requests_Pending_Conversion}</var>
<arg>Locators</arg>
<arg>${58}</arg>
<arg>${2}</arg>
<msg timestamp="20220302 22:41:00.287" level="INFO">${Requests_Pending_Conversion} = xpath://span[normalize-space()='Requests Pending Conversion']</msg>
<status status="PASS" starttime="20220302 22:41:00.255" endtime="20220302 22:41:00.287"/>
</kw>
<kw name="Fetch Login Excel" library="fetchExcel">
<var>${PR_to_be_Converted}</var>
<arg>Locators</arg>
<arg>${59}</arg>
<arg>${2}</arg>
<msg timestamp="20220302 22:41:00.302" level="INFO">${PR_to_be_Converted} = xpath://span[normalize-space()='PRs To Be Converted']</msg>
<status status="PASS" starttime="20220302 22:41:00.287" endtime="20220302 22:41:00.302"/>
</kw>
<kw name="Click Element" library="SeleniumLibrary">
<arg>${order_tab}</arg>
<doc>Click the element identified by ``locator``.</doc>
<msg timestamp="20220302 22:41:00.302" level="INFO">Clicking element 'xpath://div[normalize-space()='Orders']'.</msg>
<status status="PASS" starttime="20220302 22:41:00.302" endtime="20220302 22:41:00.430"/>
</kw>
<kw name="Click Element" library="SeleniumLibrary">
<arg>${Requests_Pending_Conversion}</arg>
<doc>Click the element identified by ``locator``.</doc>
<msg timestamp="20220302 22:41:00.432" level="INFO">Clicking element 'xpath://span[normalize-space()='Requests Pending Conversion']'.</msg>
<status status="PASS" starttime="20220302 22:41:00.431" endtime="20220302 22:41:00.499"/>
</kw>
<kw name="Click Element" library="SeleniumLibrary">
<arg>${PR_to_be_Converted}</arg>
<doc>Click the element identified by ``locator``.</doc>
<msg timestamp="20220302 22:41:00.500" level="INFO">Clicking element 'xpath://span[normalize-space()='PRs To Be Converted']'.</msg>
<status status="PASS" starttime="20220302 22:41:00.500" endtime="20220302 22:41:00.817"/>
</kw>
<status status="PASS" starttime="20220302 22:41:00.249" endtime="20220302 22:41:00.817"/>
</kw>
<kw name="Select first List">
<kw name="Fetch Login Excel" library="fetchExcel">
<var>${Pre_Requisitions_first_List}</var>
<arg>Locators</arg>
<arg>${39}</arg>
<arg>${2}</arg>
<msg timestamp="20220302 22:41:00.854" level="INFO">${Pre_Requisitions_first_List} = xpath:(//div[@ref="eViewport"])[1]/div/div[1]</msg>
<status status="PASS" starttime="20220302 22:41:00.820" endtime="20220302 22:41:00.854"/>
</kw>
<kw name="Double Click Element" library="SeleniumLibrary">
<arg>${Pre_Requisitions_first_List}</arg>
<doc>Double clicks the element identified by ``locator``.</doc>
<msg timestamp="20220302 22:41:00.856" level="INFO">Double clicking element 'xpath:(//div[@ref="eViewport"])[1]/div/div[1]'.</msg>
<status status="PASS" starttime="20220302 22:41:00.855" endtime="20220302 22:41:01.575"/>
</kw>
<status status="PASS" starttime="20220302 22:41:00.819" endtime="20220302 22:41:01.576"/>
</kw>
<kw name="Click Convert to PO">
<kw name="Fetch Login Excel" library="fetchExcel">
<var>${convert_to_PO_button}</var>
<arg>Locators</arg>
<arg>${60}</arg>
<arg>${2}</arg>
<msg timestamp="20220302 22:41:01.617" level="INFO">${convert_to_PO_button} = xpath://button[text()='Convert to PO']</msg>
<status status="PASS" starttime="20220302 22:41:01.578" endtime="20220302 22:41:01.618"/>
</kw>
<kw name="Fetch Login Excel" library="fetchExcel">
<var>${add_item_white_space}</var>
<arg>Locators</arg>
<arg>${25}</arg>
<arg>${2}</arg>
<msg timestamp="20220302 22:41:01.643" level="INFO">${add_item_white_space} = xpath:(//div[@class="ag-center-cols-viewport"])[1]</msg>
<status status="PASS" starttime="20220302 22:41:01.618" endtime="20220302 22:41:01.644"/>
</kw>
<kw name="Scroll Element Into View" library="SeleniumLibrary">
<arg>${add_item_white_space}</arg>
<doc>Scrolls the element identified by ``locator`` into view.</doc>
<status status="PASS" starttime="20220302 22:41:01.644" endtime="20220302 22:41:02.796"/>
</kw>
<kw name="Double Click Element" library="SeleniumLibrary">
<arg>${add_item_white_space}</arg>
<doc>Double clicks the element identified by ``locator``.</doc>
<msg timestamp="20220302 22:41:02.797" level="INFO">Double clicking element 'xpath:(//div[@class="ag-center-cols-viewport"])[1]'.</msg>
<status status="PASS" starttime="20220302 22:41:02.796" endtime="20220302 22:41:03.280"/>
</kw>
<kw name="Wait Until Element Is Visible" library="SeleniumLibrary">
<arg>${convert_to_PO_button}</arg>
<arg>10</arg>
<doc>Waits until the element ``locator`` is visible.</doc>
<status status="PASS" starttime="20220302 22:41:03.280" endtime="20220302 22:41:03.306"/>
</kw>
<kw name="Element Should Be Visible" library="SeleniumLibrary">
<arg>${convert_to_PO_button}</arg>
<doc>Verifies that the element identified by ``locator`` is visible.</doc>
<msg timestamp="20220302 22:41:03.337" level="INFO">Element 'xpath://button[text()='Convert to PO']' is displayed.</msg>
<status status="PASS" starttime="20220302 22:41:03.306" endtime="20220302 22:41:03.337"/>
</kw>
<kw name="Click Button" library="SeleniumLibrary">
<arg>${convert_to_PO_button}</arg>
<doc>Clicks the button identified by ``locator``.</doc>
<msg timestamp="20220302 22:41:03.337" level="INFO">Clicking button 'xpath://button[text()='Convert to PO']'.</msg>
<status status="PASS" starttime="20220302 22:41:03.337" endtime="20220302 22:41:03.440"/>
</kw>
<status status="PASS" starttime="20220302 22:41:01.577" endtime="20220302 22:41:03.441"/>
</kw>
<kw name="Sleep" library="BuiltIn">
<arg>8</arg>
<doc>Pauses the test executed for the given time.</doc>
<msg timestamp="20220302 22:41:11.452" level="INFO">Slept 8 seconds</msg>
<status status="PASS" starttime="20220302 22:41:03.441" endtime="20220302 22:41:11.452"/>
</kw>
<status status="PASS" starttime="20220302 22:41:00.249" endtime="20220302 22:41:11.452"/>
</test>
<test id="s1-s2-t4" name="Purchase Order Details issue">
<kw name="Select first Purchase Orders List">
<kw name="Fetch Login Excel" library="fetchExcel">
<var>${order_tab}</var>
<arg>Locators</arg>
<arg>${57}</arg>
<arg>${2}</arg>
<msg timestamp="20220302 22:41:11.467" level="INFO">${order_tab} = xpath://div[normalize-space()='Orders']</msg>
<status status="PASS" starttime="20220302 22:41:11.452" endtime="20220302 22:41:11.467"/>
</kw>
<kw name="Fetch Login Excel" library="fetchExcel">
<var>${Order_List}</var>
<arg>Locators</arg>
<arg>${61}</arg>
<arg>${2}</arg>
<msg timestamp="20220302 22:41:11.489" level="INFO">${Order_List} = xpath://span[contains(text(),'Orders List')]</msg>
<status status="PASS" starttime="20220302 22:41:11.467" endtime="20220302 22:41:11.489"/>
</kw>
<kw name="Fetch Login Excel" library="fetchExcel">
<var>${PO_List}</var>
<arg>Locators</arg>
<arg>${62}</arg>
<arg>${2}</arg>
<msg timestamp="20220302 22:41:11.505" level="INFO">${PO_List} = xpath://span[contains(text(),'POs List')]</msg>
<status status="PASS" starttime="20220302 22:41:11.489" endtime="20220302 22:41:11.505"/>
</kw>
<kw name="Click Element" library="SeleniumLibrary">
<arg>${order_tab}</arg>
<doc>Click the element identified by ``locator``.</doc>
<msg timestamp="20220302 22:41:11.505" level="INFO">Clicking element 'xpath://div[normalize-space()='Orders']'.</msg>
<status status="PASS" starttime="20220302 22:41:11.505" endtime="20220302 22:41:12.156"/>
</kw>
<kw name="Click Element" library="SeleniumLibrary">
<arg>${Order_List}</arg>
<doc>Click the element identified by ``locator``.</doc>
<msg timestamp="20220302 22:41:12.157" level="INFO">Clicking element 'xpath://span[contains(text(),'Orders List')]'.</msg>
<status status="PASS" starttime="20220302 22:41:12.156" endtime="20220302 22:41:13.026"/>
</kw>
<kw name="Click Element" library="SeleniumLibrary">
<arg>${PO_List}</arg>
<doc>Click the element identified by ``locator``.</doc>
<msg timestamp="20220302 22:41:13.027" level="INFO">Clicking element 'xpath://span[contains(text(),'POs List')]'.</msg>
<status status="PASS" starttime="20220302 22:41:13.026" endtime="20220302 22:41:13.325"/>
</kw>
<status status="PASS" starttime="20220302 22:41:11.452" endtime="20220302 22:41:13.325"/>
</kw>
<kw name="Select first List">
<kw name="Fetch Login Excel" library="fetchExcel">
<var>${Pre_Requisitions_first_List}</var>
<arg>Locators</arg>
<arg>${39}</arg>
<arg>${2}</arg>
<msg timestamp="20220302 22:41:13.367" level="INFO">${Pre_Requisitions_first_List} = xpath:(//div[@ref="eViewport"])[1]/div/div[1]</msg>
<status status="PASS" starttime="20220302 22:41:13.327" endtime="20220302 22:41:13.367"/>
</kw>
<kw name="Double Click Element" library="SeleniumLibrary">
<arg>${Pre_Requisitions_first_List}</arg>
<doc>Double clicks the element identified by ``locator``.</doc>
<msg timestamp="20220302 22:41:13.368" level="INFO">Double clicking element 'xpath:(//div[@ref="eViewport"])[1]/div/div[1]'.</msg>
<status status="PASS" starttime="20220302 22:41:13.367" endtime="20220302 22:41:15.155"/>
</kw>
<status status="PASS" starttime="20220302 22:41:13.326" endtime="20220302 22:41:15.156"/>
</kw>
<kw name="Issue Purchase Order Details">
<kw name="Fetch Login Excel" library="fetchExcel">
<var>${issue_button}</var>
<arg>Locators</arg>
<arg>${63}</arg>
<arg>${2}</arg>
<msg timestamp="20220302 22:41:15.193" level="INFO">${issue_button} = xpath://button[normalize-space()='Issue']</msg>
<status status="PASS" starttime="20220302 22:41:15.157" endtime="20220302 22:41:15.193"/>
</kw>
<kw name="Fetch Login Excel" library="fetchExcel">
<var>${approval_route}</var>
<arg>Locators</arg>
<arg>${48}</arg>
<arg>${2}</arg>
<msg timestamp="20220302 22:41:15.222" level="INFO">${approval_route} = xpath://select[@name='approvalRouteUuid']</msg>
<status status="PASS" starttime="20220302 22:41:15.194" endtime="20220302 22:41:15.222"/>
</kw>
<kw name="Fetch Login Excel" library="fetchExcel">
<var>${select_approval_route}</var>
<arg>TestData</arg>
<arg>${2}</arg>
<arg>${10}</arg>
<msg timestamp="20220302 22:41:15.244" level="INFO">${select_approval_route} = PO approver</msg>
<status status="PASS" starttime="20220302 22:41:15.223" endtime="20220302 22:41:15.244"/>
</kw>
<kw name="Wait Until Element Is Enabled" library="SeleniumLibrary">
<arg>${issue_button}</arg>
<arg>10</arg>
<doc>Waits until the element ``locator`` is enabled.</doc>
<status status="PASS" starttime="20220302 22:41:15.244" endtime="20220302 22:41:18.005"/>
</kw>
<kw name="Wait Until Element Is Visible" library="SeleniumLibrary">
<arg>${issue_button}</arg>
<arg>10</arg>
<doc>Waits until the element ``locator`` is visible.</doc>
<status status="PASS" starttime="20220302 22:41:18.005" endtime="20220302 22:41:18.028"/>
</kw>
<kw name="Wait Until Page Contains Element" library="SeleniumLibrary">
<arg>${issue_button}</arg>
<arg>10</arg>
<doc>Waits until the element ``locator`` appears on the current page.</doc>
<status status="PASS" starttime="20220302 22:41:18.028" endtime="20220302 22:41:18.038"/>
</kw>
<kw name="Click Element" library="SeleniumLibrary">
<arg>${approval_route}</arg>
<arg>action_chain=True</arg>
<doc>Click the element identified by ``locator``.</doc>
<msg timestamp="20220302 22:41:18.039" level="INFO">Clicking 'xpath://select[@name='approvalRouteUuid']' using an action chain.</msg>
<status status="PASS" starttime="20220302 22:41:18.038" endtime="20220302 22:41:18.420"/>
</kw>
<kw name="Select From List By Label" library="SeleniumLibrary">
<arg>${approval_route}</arg>
<arg>${select_approval_route}</arg>
<doc>Selects options from selection list ``locator`` by ``labels``.</doc>
<msg timestamp="20220302 22:41:18.422" level="INFO">Selecting options from selection list 'xpath://select[@name='approvalRouteUuid']' by label PO approver.</msg>
<status status="PASS" starttime="20220302 22:41:18.421" endtime="20220302 22:41:18.736"/>
</kw>
<kw name="Validate Internal Conversations">
<kw name="Fetch Login Excel" library="fetchExcel">
<var>${comment_box}</var>
<arg>Locators</arg>
<arg>${31}</arg>
<arg>${2}</arg>
<msg timestamp="20220302 22:41:18.770" level="INFO">${comment_box} = //div[@class='mb-2 row']//input[@placeholder='Please enter your comment here...']</msg>
<status status="PASS" starttime="20220302 22:41:18.737" endtime="20220302 22:41:18.770"/>
</kw>
<kw name="Fetch Login Excel" library="fetchExcel">
<var>${send_button}</var>
<arg>Locators</arg>
<arg>${32}</arg>
<arg>${2}</arg>
<msg timestamp="20220302 22:41:18.791" level="INFO">${send_button} = //div[@class='mb-2 row']//button[@type='button'][normalize-space()='Send']</msg>
<status status="PASS" starttime="20220302 22:41:18.770" endtime="20220302 22:41:18.791"/>
</kw>
<kw name="Fetch Login Excel" library="fetchExcel">
<var>${comment_text}</var>
<arg>TestData</arg>
<arg>${2}</arg>
<arg>${8}</arg>
<msg timestamp="20220302 22:41:18.807" level="INFO">${comment_text} = Just testing</msg>
<status status="PASS" starttime="20220302 22:41:18.791" endtime="20220302 22:41:18.807"/>
</kw>
<kw name="Input Text" library="SeleniumLibrary">
<arg>${comment_box}</arg>
<arg>${comment_text}</arg>
<doc>Types the given ``text`` into the text field identified by ``locator``.</doc>
<msg timestamp="20220302 22:41:18.807" level="INFO">Typing text 'Just testing' into text field '//div[@class='mb-2 row']//input[@placeholder='Please enter your comment here...']'.</msg>
<status status="PASS" starttime="20220302 22:41:18.807" endtime="20220302 22:41:19.143"/>
</kw>
<kw name="Click Button" library="SeleniumLibrary">
<arg>${send_button}</arg>
<doc>Clicks the button identified by ``locator``.</doc>
<msg timestamp="20220302 22:41:19.144" level="INFO">Clicking button '//div[@class='mb-2 row']//button[@type='button'][normalize-space()='Send']'.</msg>
<status status="PASS" starttime="20220302 22:41:19.143" endtime="20220302 22:41:19.303"/>
</kw>
<status status="PASS" starttime="20220302 22:41:18.736" endtime="20220302 22:41:19.303"/>
</kw>
<kw name="Validate External Conversations">
<kw name="Fetch Login Excel" library="fetchExcel">
<var>${comment_box}</var>
<arg>Locators</arg>
<arg>${33}</arg>
<arg>${2}</arg>
<msg timestamp="20220302 22:41:19.323" level="INFO">${comment_box} = //div[@class='mb-4 row']//input[@placeholder='Please enter your comment here...']</msg>
<status status="PASS" starttime="20220302 22:41:19.304" endtime="20220302 22:41:19.323"/>
</kw>
<kw name="Fetch Login Excel" library="fetchExcel">
<var>${send_button}</var>
<arg>Locators</arg>
<arg>${34}</arg>
<arg>${2}</arg>
<msg timestamp="20220302 22:41:19.341" level="INFO">${send_button} = //div[@class='mb-4 row']//button[@type='button'][normalize-space()='Send']</msg>
<status status="PASS" starttime="20220302 22:41:19.323" endtime="20220302 22:41:19.341"/>
</kw>
<kw name="Fetch Login Excel" library="fetchExcel">
<var>${comment_text}</var>
<arg>TestData</arg>
<arg>${2}</arg>
<arg>${8}</arg>
<msg timestamp="20220302 22:41:19.360" level="INFO">${comment_text} = Just testing</msg>
<status status="PASS" starttime="20220302 22:41:19.342" endtime="20220302 22:41:19.360"/>
</kw>
<kw name="Input Text" library="SeleniumLibrary">
<arg>${comment_box}</arg>
<arg>${comment_text}</arg>
<doc>Types the given ``text`` into the text field identified by ``locator``.</doc>
<msg timestamp="20220302 22:41:19.361" level="INFO">Typing text 'Just testing' into text field '//div[@class='mb-4 row']//input[@placeholder='Please enter your comment here...']'.</msg>
<status status="PASS" starttime="20220302 22:41:19.360" endtime="20220302 22:41:19.579"/>
</kw>
<kw name="Click Button" library="SeleniumLibrary">
<arg>${send_button}</arg>
<doc>Clicks the button identified by ``locator``.</doc>
<msg timestamp="20220302 22:41:19.581" level="INFO">Clicking button '//div[@class='mb-4 row']//button[@type='button'][normalize-space()='Send']'.</msg>
<status status="PASS" starttime="20220302 22:41:19.580" endtime="20220302 22:41:19.720"/>
</kw>
<status status="PASS" starttime="20220302 22:41:19.304" endtime="20220302 22:41:19.720"/>
</kw>
<kw name="Click Button" library="SeleniumLibrary">
<arg>${issue_button}</arg>
<doc>Clicks the button identified by ``locator``.</doc>
<msg timestamp="20220302 22:41:19.721" level="INFO">Clicking button 'xpath://button[normalize-space()='Issue']'.</msg>
<status status="PASS" starttime="20220302 22:41:19.720" endtime="20220302 22:41:19.895"/>
</kw>
<status status="PASS" starttime="20220302 22:41:15.157" endtime="20220302 22:41:19.896"/>
</kw>
<kw name="Sleep" library="BuiltIn">
<arg>8</arg>
<doc>Pauses the test executed for the given time.</doc>
<msg timestamp="20220302 22:41:27.900" level="INFO">Slept 8 seconds</msg>
<status status="PASS" starttime="20220302 22:41:19.897" endtime="20220302 22:41:27.900"/>
</kw>
<status status="PASS" starttime="20220302 22:41:11.452" endtime="20220302 22:41:27.900"/>
</test>
<kw name="Login Teardown" type="TEARDOWN">
<kw name="Close Browser" library="SeleniumLibrary">
<doc>Closes the current browser.</doc>
<status status="PASS" starttime="20220302 22:41:27.900" endtime="20220302 22:41:30.191"/>
</kw>
<status status="PASS" starttime="20220302 22:41:27.900" endtime="20220302 22:41:30.191"/>
</kw>
<status status="PASS" starttime="20220302 22:39:30.824" endtime="20220302 22:41:30.191"/>
</suite>
<status status="PASS" starttime="20220302 22:36:53.610" endtime="20220302 22:41:30.191"/>
</suite>
<statistics>
<total>
<stat pass="10" fail="0" skip="0">All Tests</stat>
</total>
<tag>
</tag>
<suite>
<stat pass="10" fail="0" skip="0" id="s1" name="TestCases">TestCases</stat>
<stat pass="6" fail="0" skip="0" id="s1-s1" name="PPR To PO Complete Flow">TestCases.PPR To PO Complete Flow</stat>
<stat pass="4" fail="0" skip="0" id="s1-s2" name="PR To PO Complete Flow">TestCases.PR To PO Complete Flow</stat>
</suite>
</statistics>
<errors>
</errors>
</robot>
